2023-09-14 17:09:29,218 [INFO] Activator:176 - 


2023-09-14 17:09:29,224 [INFO] Activator:177 - !SESSION log4j initialized
2023-09-14 17:09:38,033 [INFO] LogOutputStream:77 - [STDOUT_REDIRECT] 
2023-09-14 17:09:39,684 [INFO] ApplicationProperties:184 - Using Application install path: C:\ST\STM32CubeIDE_1.13.1\STM32CubeIDE\plugins\com.st.stm32cube.common.mx_6.9.1.202307191849
2023-09-14 17:09:39,715 [INFO] DbMcusXml:78 - Set database path to: C:\ST\STM32CubeIDE_1.13.1\STM32CubeIDE\plugins\com.st.stm32cube.common.mx_6.9.1.202307191849\\db\/mcu/
2023-09-14 17:09:39,715 [INFO] ApiDb:274 - Set plugin database path to: C:\ST\STM32CubeIDE_1.13.1\STM32CubeIDE\plugins\com.st.stm32cube.common.mx_6.9.1.202307191849\\db\/plugins/boardmanager/
2023-09-14 17:09:39,716 [WARN] ApiDb:259 - Overriding images path with different value:  => C:\ST\STM32CubeIDE_1.13.1\STM32CubeIDE\plugins\com.st.stm32cube.common.mx_6.9.1.202307191849\\db\/plugins/mcufinder/images/
2023-09-14 17:09:39,731 [INFO] ApiDb:250 - Set database path to: C:\Users\sucit\.stmcufinder\plugins\mcufinder//mcu/
2023-09-14 17:09:39,732 [INFO] DbMcusAds:125 - Set database path to: C:\Users\sucit\.stmcufinder\plugins\mcufinder//mcu/
2023-09-14 17:09:39,734 [INFO] CrossReferenceDbSqlite:203 - Set database path to: C:\Users\sucit\.stmcufinder\plugins\mcufinder//mcu/cs/
2023-09-14 17:09:39,911 [INFO] RulesReader:64 - Compatibility file has been processed (293 Rules)
2023-09-14 17:09:40,042 [INFO] DbMcusXml:78 - Set database path to: C:\ST\STM32CubeIDE_1.13.1\STM32CubeIDE\plugins\com.st.stm32cube.common.mx_6.9.1.202307191849\\db\/mcu/
2023-09-14 17:09:40,042 [INFO] ApiDb:274 - Set plugin database path to: C:\ST\STM32CubeIDE_1.13.1\STM32CubeIDE\plugins\com.st.stm32cube.common.mx_6.9.1.202307191849\\db\/plugins/boardmanager/
2023-09-14 17:09:40,043 [INFO] ApiDb:261 - Set plugin images path to: C:\ST\STM32CubeIDE_1.13.1\STM32CubeIDE\plugins\com.st.stm32cube.common.mx_6.9.1.202307191849\\db\/plugins/mcufinder/images/
2023-09-14 17:09:40,043 [WARN] DbFile:41 - Overriding database path with different value: C:\Users\sucit\.stmcufinder\plugins\mcufinder/ => C:\Users\sucit\.stmcufinder\plugins\mcufinder
2023-09-14 17:09:40,043 [INFO] ApiDb:250 - Set database path to: C:\Users\sucit\.stmcufinder\plugins\mcufinder//mcu/
2023-09-14 17:09:40,044 [WARN] DbFile:41 - Overriding database path with different value: C:\Users\sucit\.stmcufinder\plugins\mcufinder/ => C:\Users\sucit\.stmcufinder\plugins\mcufinder
2023-09-14 17:09:40,044 [INFO] DbMcusAds:125 - Set database path to: C:\Users\sucit\.stmcufinder\plugins\mcufinder//mcu/
2023-09-14 17:09:40,044 [WARN] DbFile:41 - Overriding database path with different value: C:\Users\sucit\.stmcufinder\plugins\mcufinder/ => C:\Users\sucit\.stmcufinder\plugins\mcufinder
2023-09-14 17:09:40,044 [WARN] DbFile:41 - Overriding database path with different value: C:\Users\sucit\.stmcufinder\plugins\mcufinder/ => C:\Users\sucit\.stmcufinder\plugins\mcufinder
2023-09-14 17:09:40,044 [INFO] CrossReferenceDbSqlite:203 - Set database path to: C:\Users\sucit\.stmcufinder\plugins\mcufinder//mcu/cs/
2023-09-14 17:09:40,164 [INFO] MainPanel:262 - HeapMemory: 268435456
2023-09-14 17:09:40,302 [INFO] DbMcusXml:78 - Set database path to: C:\ST\STM32CubeIDE_1.13.1\STM32CubeIDE\plugins\com.st.stm32cube.common.mx_6.9.1.202307191849\\db\/mcu/
2023-09-14 17:09:40,302 [INFO] ApiDb:274 - Set plugin database path to: C:\ST\STM32CubeIDE_1.13.1\STM32CubeIDE\plugins\com.st.stm32cube.common.mx_6.9.1.202307191849\\db\/plugins/boardmanager/
2023-09-14 17:09:40,302 [INFO] ApiDb:261 - Set plugin images path to: C:\ST\STM32CubeIDE_1.13.1\STM32CubeIDE\plugins\com.st.stm32cube.common.mx_6.9.1.202307191849\\db\/plugins/mcufinder/images/
2023-09-14 17:09:40,303 [WARN] DbFile:41 - Overriding database path with different value: C:\Users\sucit\.stmcufinder\plugins\mcufinder/ => C:\Users\sucit\.stmcufinder\plugins\mcufinder
2023-09-14 17:09:40,303 [INFO] ApiDb:250 - Set database path to: C:\Users\sucit\.stmcufinder\plugins\mcufinder//mcu/
2023-09-14 17:09:40,303 [WARN] DbFile:41 - Overriding database path with different value: C:\Users\sucit\.stmcufinder\plugins\mcufinder/ => C:\Users\sucit\.stmcufinder\plugins\mcufinder
2023-09-14 17:09:40,303 [INFO] DbMcusAds:125 - Set database path to: C:\Users\sucit\.stmcufinder\plugins\mcufinder//mcu/
2023-09-14 17:09:40,303 [WARN] DbFile:41 - Overriding database path with different value: C:\Users\sucit\.stmcufinder\plugins\mcufinder/ => C:\Users\sucit\.stmcufinder\plugins\mcufinder
2023-09-14 17:09:40,304 [WARN] DbFile:41 - Overriding database path with different value: C:\Users\sucit\.stmcufinder\plugins\mcufinder/ => C:\Users\sucit\.stmcufinder\plugins\mcufinder
2023-09-14 17:09:40,304 [INFO] CrossReferenceDbSqlite:203 - Set database path to: C:\Users\sucit\.stmcufinder\plugins\mcufinder//mcu/cs/
2023-09-14 17:09:40,329 [INFO] ApplicationProperties:184 - Using Application install path: C:\ST\STM32CubeIDE_1.13.1\STM32CubeIDE\plugins\com.st.stm32cube.common.mx_6.9.1.202307191849
2023-09-14 17:09:40,330 [INFO] PluginManage:196 - Search for loadable plugins [exclusion list=, ]
2023-09-14 17:09:40,332 [INFO] PluginManage:310 - Check plugin analytics
2023-09-14 17:09:40,549 [INFO] AnalyticsPlugin:253 - Accepted Software Licenses: STM32CubeMX.6.9.1
2023-09-14 17:09:40,550 [INFO] AnalyticsPlugin:255 - Accepted CMSIS Pack Licenses: 
2023-09-14 17:09:40,550 [INFO] AnalyticsPlugin:257 - Accepted Firmware Licenses: FW.F7.1.17.0
2023-09-14 17:09:40,555 [INFO] PluginManage:359 - Loaded plugin analytics (category:tool,tabindex:-1)
2023-09-14 17:09:40,556 [INFO] PluginManage:310 - Check plugin cadmodel
2023-09-14 17:09:40,566 [INFO] CADModel:105 - Init CAD model plugin
2023-09-14 17:09:40,566 [INFO] PluginManage:359 - Loaded plugin cadmodel (category:power,tabindex:5)
2023-09-14 17:09:40,566 [INFO] PluginManage:310 - Check plugin clock
2023-09-14 17:09:40,581 [INFO] PluginManage:359 - Loaded plugin clock (category:base,tabindex:2)
2023-09-14 17:09:40,581 [INFO] PluginManage:310 - Check plugin ddr
2023-09-14 17:09:40,585 [INFO] PluginManage:359 - Loaded plugin ddr (category:tool,tabindex:6)
2023-09-14 17:09:40,585 [INFO] PluginManage:310 - Check plugin filemanager
2023-09-14 17:09:40,806 [INFO] PluginManage:359 - Loaded plugin filemanager (category:base,tabindex:10)
2023-09-14 17:09:40,807 [INFO] PluginManage:310 - Check plugin ipmanager
2023-09-14 17:09:40,823 [INFO] PluginManage:359 - Loaded plugin ipmanager (category:base,tabindex:5)
2023-09-14 17:09:40,823 [INFO] PluginManage:310 - Check plugin lpbam
2023-09-14 17:09:40,837 [INFO] PluginManage:359 - Loaded plugin lpbam (category:base,tabindex:0)
2023-09-14 17:09:40,837 [INFO] PluginManage:310 - Check plugin memorymap
2023-09-14 17:09:40,863 [INFO] PluginManage:359 - Loaded plugin memorymap (category:base,tabindex:4)
2023-09-14 17:09:40,863 [INFO] PluginManage:310 - Check plugin pinoutandconfiguration
2023-09-14 17:09:40,875 [INFO] PluginManage:359 - Loaded plugin pinoutandconfiguration (category:base,tabindex:1)
2023-09-14 17:09:40,876 [INFO] PluginManage:310 - Check plugin pinoutconfig
2023-09-14 17:09:41,212 [WARN] SupportedApi:132 - Cannot load RTOS API schema: s4s-elt-must-match.1: The content of 'definitions' must match (annotation?, (simpleType | complexType)?, (unique | key | keyref)*)). A problem was found starting at: attribute.
2023-09-14 17:09:41,446 [INFO] PluginManage:359 - Loaded plugin pinoutconfig (category:base,tabindex:0)
2023-09-14 17:09:41,446 [INFO] PluginManage:310 - Check plugin power
2023-09-14 17:09:41,472 [INFO] PluginManage:359 - Loaded plugin power (category:power,tabindex:4)
2023-09-14 17:09:41,472 [INFO] PluginManage:310 - Check plugin projectmanager
2023-09-14 17:09:41,504 [INFO] PluginManage:359 - Loaded plugin projectmanager (category:projectmanager,tabindex:3)
2023-09-14 17:09:41,505 [INFO] PluginManage:310 - Check plugin thirdparty
2023-09-14 17:09:41,829 [WARN] IntegrityCheckThread:84 - waiting for thirdparty lock release [integrity check]
2023-09-14 17:09:41,830 [INFO] IntegrityCheckThread:86 - entering critical section [integrity check]
2023-09-14 17:09:41,833 [INFO] ThirdPartyUpdaterWithRetryManager:70 - Updater plugin not ready yet. [1/15]
2023-09-14 17:09:41,834 [INFO] PluginManage:359 - Loaded plugin thirdparty (category:base,tabindex:-1)
2023-09-14 17:09:41,834 [INFO] PluginManage:310 - Check plugin tools
2023-09-14 17:09:41,848 [INFO] PluginManage:359 - Loaded plugin tools (category:base,tabindex:7)
2023-09-14 17:09:41,848 [INFO] PluginManage:310 - Check plugin tutovideos
2023-09-14 17:09:42,171 [INFO] PluginManage:359 - Loaded plugin tutovideos (category:base,tabindex:-1)
2023-09-14 17:09:42,172 [INFO] PluginManage:310 - Check plugin updater
2023-09-14 17:09:42,190 [INFO] PluginManage:359 - Loaded plugin updater (category:base,tabindex:12)
2023-09-14 17:09:42,190 [INFO] PluginManage:310 - Check plugin userauth
2023-09-14 17:09:42,198 [INFO] UserAuth:113 - Init User Auth plugin
2023-09-14 17:09:42,198 [INFO] PluginManage:359 - Loaded plugin userauth (category:base,tabindex:14)
2023-09-14 17:09:42,198 [INFO] PluginManage:283 - PluginManage : Loaded plugins [17]
2023-09-14 17:09:42,542 [INFO] PinOutPanel:1499 - setPackage(No Configuration,No Configuration)
2023-09-14 17:09:42,708 [INFO] CADModel:165 - CPN selected for project level
2023-09-14 17:09:42,709 [INFO] CADModel:114 - Register for checkConnection events
2023-09-14 17:09:42,733 [INFO] IPUIPlugin:80 - create IPUIPlugin
2023-09-14 17:09:42,734 [INFO] PluginManager:220 - loadIPPluginJar : add adc
2023-09-14 17:09:42,737 [INFO] IPUIPlugin:80 - create IPUIPlugin
2023-09-14 17:09:42,737 [INFO] PluginManager:220 - loadIPPluginJar : add aes
2023-09-14 17:09:42,741 [INFO] IPUIPlugin:80 - create IPUIPlugin
2023-09-14 17:09:42,741 [INFO] PluginManager:220 - loadIPPluginJar : add can
2023-09-14 17:09:42,743 [INFO] IPUIPlugin:80 - create IPUIPlugin
2023-09-14 17:09:42,744 [INFO] PluginManager:220 - loadIPPluginJar : add comp
2023-09-14 17:09:42,747 [INFO] IPUIPlugin:80 - create IPUIPlugin
2023-09-14 17:09:42,747 [INFO] PluginManager:220 - loadIPPluginJar : add cryp
2023-09-14 17:09:42,752 [INFO] IPUIPlugin:80 - create IPUIPlugin
2023-09-14 17:09:42,752 [INFO] PluginManager:220 - loadIPPluginJar : add dfsdm
2023-09-14 17:09:42,760 [INFO] IPUIPlugin:80 - create IPUIPlugin
2023-09-14 17:09:42,761 [INFO] PluginManager:220 - loadIPPluginJar : add dma
2023-09-14 17:09:42,766 [INFO] IPUIPlugin:80 - create IPUIPlugin
2023-09-14 17:09:42,766 [INFO] PluginManager:220 - loadIPPluginJar : add dma3
2023-09-14 17:09:42,768 [INFO] IPUIPlugin:80 - create IPUIPlugin
2023-09-14 17:09:42,768 [INFO] PluginManager:220 - loadIPPluginJar : add fatfs
2023-09-14 17:09:42,774 [INFO] IPUIPlugin:80 - create IPUIPlugin
2023-09-14 17:09:42,774 [INFO] PluginManager:220 - loadIPPluginJar : add fmc
2023-09-14 17:09:42,782 [INFO] IPUIPlugin:80 - create IPUIPlugin
2023-09-14 17:09:42,782 [INFO] PluginManager:220 - loadIPPluginJar : add freertos
2023-09-14 17:09:42,784 [INFO] IPUIPlugin:80 - create IPUIPlugin
2023-09-14 17:09:42,784 [INFO] PluginManager:220 - loadIPPluginJar : add genericplugin
2023-09-14 17:09:42,788 [INFO] IPUIPlugin:80 - create IPUIPlugin
2023-09-14 17:09:42,788 [INFO] PluginManager:220 - loadIPPluginJar : add gfxmmu
2023-09-14 17:09:42,795 [INFO] IPUIPlugin:80 - create IPUIPlugin
2023-09-14 17:09:42,795 [INFO] PluginManager:220 - loadIPPluginJar : add gic
2023-09-14 17:09:42,800 [INFO] IPUIPlugin:80 - create IPUIPlugin
2023-09-14 17:09:42,800 [INFO] PluginManager:220 - loadIPPluginJar : add gpio
2023-09-14 17:09:42,804 [INFO] IPUIPlugin:80 - create IPUIPlugin
2023-09-14 17:09:42,804 [INFO] PluginManager:220 - loadIPPluginJar : add gtzc
2023-09-14 17:09:42,807 [INFO] IPUIPlugin:80 - create IPUIPlugin
2023-09-14 17:09:42,807 [INFO] PluginManager:220 - loadIPPluginJar : add hash
2023-09-14 17:09:42,811 [INFO] IPUIPlugin:80 - create IPUIPlugin
2023-09-14 17:09:42,811 [INFO] PluginManager:220 - loadIPPluginJar : add i2c
2023-09-14 17:09:42,815 [INFO] IPUIPlugin:80 - create IPUIPlugin
2023-09-14 17:09:42,815 [INFO] PluginManager:220 - loadIPPluginJar : add i2s
2023-09-14 17:09:42,819 [INFO] IPUIPlugin:80 - create IPUIPlugin
2023-09-14 17:09:42,819 [INFO] PluginManager:220 - loadIPPluginJar : add i3c
2023-09-14 17:09:42,823 [INFO] IPUIPlugin:80 - create IPUIPlugin
2023-09-14 17:09:42,823 [INFO] PluginManager:220 - loadIPPluginJar : add ipddr
2023-09-14 17:09:42,834 [INFO] IPUIPlugin:80 - create IPUIPlugin
2023-09-14 17:09:42,835 [INFO] PluginManager:220 - loadIPPluginJar : add linkedlist
2023-09-14 17:09:42,838 [INFO] IPUIPlugin:80 - create IPUIPlugin
2023-09-14 17:09:42,838 [INFO] PluginManager:220 - loadIPPluginJar : add lorawan
2023-09-14 17:09:42,841 [INFO] IPUIPlugin:80 - create IPUIPlugin
2023-09-14 17:09:42,841 [INFO] PluginManager:220 - loadIPPluginJar : add ltdc
2023-09-14 17:09:42,849 [INFO] IPUIPlugin:80 - create IPUIPlugin
2023-09-14 17:09:42,850 [INFO] PluginManager:220 - loadIPPluginJar : add mdma
2023-09-14 17:09:42,856 [INFO] IPUIPlugin:80 - create IPUIPlugin
2023-09-14 17:09:42,856 [INFO] PluginManager:220 - loadIPPluginJar : add nvic
2023-09-14 17:09:42,859 [INFO] IPUIPlugin:80 - create IPUIPlugin
2023-09-14 17:09:42,859 [INFO] PluginManager:220 - loadIPPluginJar : add opamp
2023-09-14 17:09:42,863 [INFO] IPUIPlugin:80 - create IPUIPlugin
2023-09-14 17:09:42,864 [INFO] PluginManager:220 - loadIPPluginJar : add openamp
2023-09-14 17:09:42,868 [INFO] IPUIPlugin:80 - create IPUIPlugin
2023-09-14 17:09:42,869 [INFO] PluginManager:220 - loadIPPluginJar : add pdm2pcm
2023-09-14 17:09:42,877 [INFO] IPUIPlugin:80 - create IPUIPlugin
2023-09-14 17:09:42,880 [INFO] PluginManager:220 - loadIPPluginJar : add plateformsettings
2023-09-14 17:09:42,882 [INFO] IPUIPlugin:80 - create IPUIPlugin
2023-09-14 17:09:42,882 [INFO] PluginManager:220 - loadIPPluginJar : add quadspi
2023-09-14 17:09:42,888 [INFO] IPUIPlugin:80 - create IPUIPlugin
2023-09-14 17:09:42,888 [INFO] PluginManager:220 - loadIPPluginJar : add resmgrutility
2023-09-14 17:09:42,891 [INFO] IPUIPlugin:80 - create IPUIPlugin
2023-09-14 17:09:42,891 [INFO] PluginManager:220 - loadIPPluginJar : add sai
2023-09-14 17:09:42,894 [INFO] IPUIPlugin:80 - create IPUIPlugin
2023-09-14 17:09:42,895 [INFO] PluginManager:220 - loadIPPluginJar : add spi
2023-09-14 17:09:42,900 [INFO] IPUIPlugin:80 - create IPUIPlugin
2023-09-14 17:09:42,900 [INFO] PluginManager:220 - loadIPPluginJar : add stm32_wpan
2023-09-14 17:09:42,903 [INFO] IPUIPlugin:80 - create IPUIPlugin
2023-09-14 17:09:42,903 [INFO] PluginManager:220 - loadIPPluginJar : add tim
2023-09-14 17:09:42,906 [INFO] IPUIPlugin:80 - create IPUIPlugin
2023-09-14 17:09:42,907 [INFO] PluginManager:220 - loadIPPluginJar : add touchsensing
2023-09-14 17:09:42,909 [INFO] IPUIPlugin:80 - create IPUIPlugin
2023-09-14 17:09:42,910 [INFO] PluginManager:220 - loadIPPluginJar : add tracer_emb
2023-09-14 17:09:42,912 [INFO] IPUIPlugin:80 - create IPUIPlugin
2023-09-14 17:09:42,912 [INFO] PluginManager:220 - loadIPPluginJar : add ts
2023-09-14 17:09:42,914 [INFO] IPUIPlugin:80 - create IPUIPlugin
2023-09-14 17:09:42,914 [INFO] PluginManager:220 - loadIPPluginJar : add tsc
2023-09-14 17:09:42,916 [INFO] IPUIPlugin:80 - create IPUIPlugin
2023-09-14 17:09:42,916 [INFO] PluginManager:220 - loadIPPluginJar : add ucpd
2023-09-14 17:09:42,920 [INFO] IPUIPlugin:80 - create IPUIPlugin
2023-09-14 17:09:42,920 [INFO] PluginManager:220 - loadIPPluginJar : add usart
2023-09-14 17:09:42,924 [INFO] IPUIPlugin:80 - create IPUIPlugin
2023-09-14 17:09:42,924 [INFO] PluginManager:220 - loadIPPluginJar : add usbx
2023-09-14 17:09:43,061 [INFO] CADModel:165 - CPN selected for project level
2023-09-14 17:09:43,061 [INFO] CADModel:114 - Register for checkConnection events
2023-09-14 17:09:43,061 [FATAL] Updater:308 - Updater called before beeing initialized
2023-09-14 17:09:43,062 [ERROR] CADModel:125 - Updater not yet initialized, retry later 
2023-09-14 17:09:43,331 [INFO] CADModel:165 - CPN selected for project level
2023-09-14 17:09:43,331 [INFO] CADModel:114 - Register for checkConnection events
2023-09-14 17:09:43,331 [FATAL] Updater:308 - Updater called before beeing initialized
2023-09-14 17:09:43,331 [ERROR] CADModel:125 - Updater not yet initialized, retry later 
2023-09-14 17:09:43,336 [FATAL] Updater:308 - Updater called before beeing initialized
2023-09-14 17:09:43,465 [FATAL] Updater:308 - Updater called before beeing initialized
2023-09-14 17:09:43,471 [INFO] DbMcusAds:53 - JSON generation date=Tue Mar 07 02:50:55 CST 2023 (1678179055114)
2023-09-14 17:09:43,471 [FATAL] Updater:308 - Updater called before beeing initialized
2023-09-14 17:09:43,517 [WARN] DetailPanel:346 - Failed to get advertising image, set to default
2023-09-14 17:09:43,646 [FATAL] Updater:308 - Updater called before beeing initialized
2023-09-14 17:09:43,649 [FATAL] Updater:308 - Updater called before beeing initialized
2023-09-14 17:09:43,649 [FATAL] Updater:308 - Updater called before beeing initialized
2023-09-14 17:09:43,649 [WARN] DetailPanel:346 - Failed to get advertising image, set to default
2023-09-14 17:09:43,651 [FATAL] Updater:308 - Updater called before beeing initialized
2023-09-14 17:09:43,713 [ERROR] Updater:1120 - MainUpdater not yet initialized. External WinMGr cannot be set.
2023-09-14 17:09:43,715 [INFO] Updater:1056 - Updater Version found : 6.9.1
2023-09-14 17:09:43,742 [INFO] ApplicationProperties:184 - Using Application install path: C:\ST\STM32CubeIDE_1.13.1\STM32CubeIDE\plugins\com.st.stm32cube.common.mx_6.9.1.202307191849
2023-09-14 17:09:43,952 [INFO] MainUpdater:2868 - connection check result : 10
2023-09-14 17:09:43,954 [INFO] MainUpdater:285 - Updater Check For Update Now.
2023-09-14 17:09:43,954 [INFO] MicroXplorer:498 - Change Database Version : DB.6.0.91
2023-09-14 17:09:43,980 [INFO] McuFinderGlobals:63 - Set McuFinder mode to 2 (CubeIDE integrated)
2023-09-14 17:09:44,160 [INFO] CheckServerUpdateThread:120 - End of CheckServer Thread
2023-09-14 17:09:45,080 [WARN] PackLoader:240 - Cannot read IP mode file for STMicroelectronics.X-CUBE-SMBUS.2.1.0
2023-09-14 17:09:45,127 [WARN] PackLoader:240 - Cannot read IP mode file for STMicroelectronics.X-CUBE-AZRTOS-F7.1.1.0
2023-09-14 17:09:45,142 [WARN] PackLoader:240 - Cannot read IP mode file for STMicroelectronics.FP-SNS-MOTENV1.4.3.2
2023-09-14 17:09:45,151 [WARN] PackLoader:240 - Cannot read IP mode file for STMicroelectronics.FP-SNS-FLIGHT1.5.0.2
2023-09-14 17:09:45,166 [WARN] PackLoader:240 - Cannot read IP mode file for STMicroelectronics.X-CUBE-DISPLAY.3.0.0
2023-09-14 17:09:45,191 [WARN] PackLoader:240 - Cannot read IP mode file for STMicroelectronics.X-CUBE-BLE1.7.0.0
2023-09-14 17:09:45,201 [WARN] PackLoader:240 - Cannot read IP mode file for emotas.I-CUBE-CANOPEN.1.3.0
2023-09-14 17:09:45,214 [WARN] PackLoader:240 - Cannot read IP mode file for STMicroelectronics.X-CUBE-TOUCHGFX.4.22.0
2023-09-14 17:09:45,221 [WARN] PackLoader:240 - Cannot read IP mode file for STMicroelectronics.FP-SNS-SMARTAG2.1.2.0
2023-09-14 17:09:45,238 [INFO] LogOutputStream:77 - [STDOUT_REDIRECT] 1 : Invalid condition id : UX_CORESTACK_Condition cause : null
2023-09-14 17:09:45,240 [INFO] LogOutputStream:77 - [STDOUT_REDIRECT] 1 : Invalid condition id : UX_CORESTACK_Condition cause : null
2023-09-14 17:09:45,241 [INFO] LogOutputStream:77 - [STDOUT_REDIRECT] 1 : Invalid condition id : UX_CORESTACK_Condition cause : null
2023-09-14 17:09:45,243 [INFO] LogOutputStream:77 - [STDOUT_REDIRECT] 1 : Invalid condition id : UX_CORESTACK_Condition cause : null
2023-09-14 17:09:45,245 [INFO] LogOutputStream:77 - [STDOUT_REDIRECT] 1 : Invalid condition id : UX_CORESTACK_Condition cause : null
2023-09-14 17:09:45,249 [WARN] PackLoader:240 - Cannot read IP mode file for STMicroelectronics.X-CUBE-AZRTOS-WL.2.0.0
2023-09-14 17:09:45,266 [WARN] PackLoader:240 - Cannot read IP mode file for WES.I-CUBE-Cesium.1.3.0
2023-09-14 17:09:45,274 [WARN] PackLoader:240 - Cannot read IP mode file for STMicroelectronics.X-CUBE-BLE2.3.3.0
2023-09-14 17:09:45,284 [WARN] PackLoader:240 - Cannot read IP mode file for STMicroelectronics.X-CUBE-ALGOBUILD.1.3.0
2023-09-14 17:09:45,306 [WARN] PackLoader:240 - Cannot read IP mode file for STMicroelectronics.X-CUBE-AZRTOS-G0.1.1.0
2023-09-14 17:09:45,314 [WARN] PackLoader:240 - Cannot read IP mode file for STMicroelectronics.X-CUBE-NFC4.3.0.0
2023-09-14 17:09:45,319 [WARN] PackLoader:240 - Cannot read IP mode file for STMicroelectronics.FP-ATR-SIGFOX1.3.2.0
2023-09-14 17:09:45,351 [WARN] PackLoader:240 - Cannot read IP mode file for SEGGER.I-CUBE-embOS.1.3.1
2023-09-14 17:09:45,394 [WARN] PackLoader:240 - Cannot read IP mode file for STMicroelectronics.X-CUBE-GNSS1.6.0.0
2023-09-14 17:09:45,407 [WARN] PackLoader:240 - Cannot read IP mode file for STMicroelectronics.X-CUBE-AZRTOS-F4.1.1.0
2023-09-14 17:09:45,414 [WARN] PackLoader:240 - Cannot read IP mode file for wolfSSL.I-CUBE-wolfSSL.5.6.3
2023-09-14 17:09:45,429 [WARN] PackLoader:240 - Cannot read IP mode file for STMicroelectronics.X-CUBE-AZRTOS-L5.2.0.0
2023-09-14 17:09:45,461 [WARN] PackLoader:240 - Cannot read IP mode file for STMicroelectronics.X-CUBE-MEMS1.9.6.0
2023-09-14 17:09:45,659 [WARN] PackLoader:240 - Cannot read IP mode file for STMicroelectronics.X-CUBE-BLEMGR.2.0.0
2023-09-14 17:09:45,704 [WARN] ConditionMgr:438 - getConditionDescription Invalid condition id : UX DEVICE CLASS RTOS Condition cause : null
2023-09-14 17:09:45,704 [WARN] ConditionMgr:438 - getConditionDescription Invalid condition id : UX DEVICE CLASS RTOS Condition cause : null
2023-09-14 17:09:45,707 [WARN] PackLoader:240 - Cannot read IP mode file for STMicroelectronics.X-CUBE-AZRTOS-H7.3.1.0
2023-09-14 17:09:45,708 [WARN] ConditionMgr:1039 - genDependencies : Invalid condition id : UX DEVICE CLASS RTOS Condition cause : null
2023-09-14 17:09:45,709 [WARN] ConditionMgr:1039 - genDependencies : Invalid condition id : UX DEVICE CLASS RTOS Condition cause : null
2023-09-14 17:09:45,709 [WARN] ConditionMgr:1039 - genDependencies : Invalid condition id : UX DEVICE CLASS RTOS Condition cause : null
2023-09-14 17:09:45,710 [WARN] ConditionMgr:1039 - genDependencies : Invalid condition id : UX DEVICE CLASS RTOS Condition cause : null
2023-09-14 17:09:45,710 [WARN] ConditionMgr:1039 - genDependencies : Invalid condition id : UX DEVICE CLASS RTOS Condition cause : null
2023-09-14 17:09:45,718 [WARN] PackLoader:240 - Cannot read IP mode file for STMicroelectronics.X-CUBE-NFC7.1.0.1
2023-09-14 17:09:45,727 [WARN] PackLoader:240 - Cannot read IP mode file for STMicroelectronics.X-CUBE-NFC6.3.0.0
2023-09-14 17:09:45,736 [WARN] PackLoader:240 - Cannot read IP mode file for STMicroelectronics.X-CUBE-EEPRMA1.4.1.0
2023-09-14 17:09:45,742 [WARN] PackLoader:240 - Cannot read IP mode file for STMicroelectronics.X-CUBE-AI.8.1.0
2023-09-14 17:09:45,758 [WARN] ConditionMgr:438 - getConditionDescription Invalid condition id : LAN8742 Phy interface Condition cause : null
2023-09-14 17:09:45,758 [WARN] PackLoader:240 - Cannot read IP mode file for STMicroelectronics.X-CUBE-AZRTOS-L4.2.0.0
2023-09-14 17:09:45,759 [WARN] ConditionMgr:1039 - genDependencies : Invalid condition id : LAN8742 Phy interface Condition cause : null
2023-09-14 17:09:45,760 [WARN] ConditionMgr:1039 - genDependencies : Invalid condition id : LAN8742 Phy interface Condition cause : null
2023-09-14 17:09:45,760 [WARN] ConditionMgr:1039 - genDependencies : Invalid condition id : LAN8742 Phy interface Condition cause : null
2023-09-14 17:09:45,767 [WARN] PackLoader:240 - Cannot read IP mode file for STMicroelectronics.X-CUBE-SFXS2LP1.4.0.0
2023-09-14 17:09:45,772 [WARN] PackLoader:240 - Cannot read IP mode file for STMicroelectronics.X-CUBE-ISPU.1.1.0
2023-09-14 17:09:45,788 [WARN] ConditionMgr:438 - getConditionDescription Invalid condition id : UX DEVICE CLASS RTOS Condition cause : null
2023-09-14 17:09:45,788 [WARN] ConditionMgr:438 - getConditionDescription Invalid condition id : UX DEVICE CLASS RTOS Condition cause : null
2023-09-14 17:09:45,789 [WARN] PackLoader:240 - Cannot read IP mode file for STMicroelectronics.X-CUBE-AZRTOS-WB.2.0.0
2023-09-14 17:09:45,790 [WARN] ConditionMgr:1039 - genDependencies : Invalid condition id : UX DEVICE CLASS RTOS Condition cause : null
2023-09-14 17:09:45,790 [WARN] ConditionMgr:1039 - genDependencies : Invalid condition id : UX DEVICE CLASS RTOS Condition cause : null
2023-09-14 17:09:45,790 [WARN] ConditionMgr:1039 - genDependencies : Invalid condition id : UX DEVICE CLASS RTOS Condition cause : null
2023-09-14 17:09:45,791 [WARN] ConditionMgr:1039 - genDependencies : Invalid condition id : UX DEVICE CLASS RTOS Condition cause : null
2023-09-14 17:09:45,791 [WARN] ConditionMgr:1039 - genDependencies : Invalid condition id : UX DEVICE CLASS RTOS Condition cause : null
2023-09-14 17:09:45,800 [WARN] PackLoader:240 - Cannot read IP mode file for STMicroelectronics.X-CUBE-SUBG2.5.0.0
2023-09-14 17:09:45,815 [WARN] PackLoader:240 - Cannot read IP mode file for STMicroelectronics.X-CUBE-TOF1.3.3.1
2023-09-14 17:09:45,834 [WARN] PackLoader:240 - Cannot read IP mode file for STMicroelectronics.X-CUBE-AZRTOS-G4.2.0.0
2023-09-14 17:09:45,840 [WARN] PackLoader:240 - Cannot read IP mode file for STMicroelectronics.X-CUBE-FREERTOS.1.1.0
2023-09-14 17:09:45,845 [WARN] PackLoader:240 - Cannot read IP mode file for portGmbH.I-Cube-SoM-uGOAL.1.1.0
2023-09-14 17:09:45,850 [WARN] PackLoader:240 - Cannot read IP mode file for STMicroelectronics.X-CUBE-ALS.1.0.1
2023-09-14 17:09:45,854 [WARN] PackLoader:240 - Cannot read IP mode file for STMicroelectronics.FP-ATR-ASTRA1.2.0.0
2023-09-14 17:09:45,856 [INFO] ThirdParty:978 - Integrity check success = true
2023-09-14 17:09:45,856 [INFO] IntegrityCheckThread:100 - exiting critical section [integrity check]
2023-09-14 17:09:45,856 [INFO] IntegrityCheckThread:103 - End integrity checks thread
2023-09-14 17:10:05,483 [ERROR] LogOutputStream:75 - [STDERR_REDIRECT] SLF4J: Failed to load class "org.slf4j.impl.StaticLoggerBinder".
2023-09-14 17:10:05,485 [ERROR] LogOutputStream:75 - [STDERR_REDIRECT] SLF4J: Defaulting to no-operation (NOP) logger implementation
2023-09-14 17:10:05,486 [ERROR] LogOutputStream:75 - [STDERR_REDIRECT] SLF4J: See http://www.slf4j.org/codes.html#StaticLoggerBinder for further details.
2023-09-14 17:10:34,209 [INFO] McuFinderGlobals:63 - Set McuFinder mode to 2 (CubeIDE integrated)
2023-09-14 17:10:34,218 [INFO] MainUpdater:2868 - connection check result : 10
2023-09-14 17:10:34,219 [INFO] MainUpdater:2868 - connection check result : 10
2023-09-14 17:10:34,319 [INFO] MicroXplorer:468 - Change Database Path : 
2023-09-14 17:10:34,319 [INFO] MicroXplorer:498 - Change Database Version : DB.6.0.91
2023-09-14 17:10:34,328 [WARN] ThirdParty:871 - waiting for thirdparty lock release [close project]
2023-09-14 17:10:34,328 [INFO] ThirdParty:873 - entering critical section [close project]
2023-09-14 17:10:34,329 [INFO] ThirdParty:883 - exiting critical section [close project]
2023-09-14 17:10:34,332 [INFO] PinOutPanel:1499 - setPackage(No Configuration,No Configuration)
2023-09-14 17:10:34,340 [INFO] UtilMem:75 - Begin LoadConfig() Used Memory: 363777616 Bytes (560988160)
2023-09-14 17:10:34,342 [INFO] MicroXplorer:468 - Change Database Path : 
2023-09-14 17:10:34,342 [INFO] MicroXplorer:498 - Change Database Version : DB.6.0.91
2023-09-14 17:10:34,342 [INFO] OpenFileManager:308 - Change cursor
2023-09-14 17:10:34,420 [INFO] Mcu:1946 - Initializing MCU STM32F746ZGTx STM32F746ZGTx STM32F746ZGT6
2023-09-14 17:10:38,664 [INFO] Context:659 - Trying to add GPIOservice into a context  which must be forbidden
2023-09-14 17:10:39,724 [INFO] RtosManager:555 - Registered RTOS mode: class=CMSIS, group=RTOS, mode=CMSIS_V1, owner=FREERTOS
2023-09-14 17:10:39,724 [INFO] RtosManager:555 - Registered RTOS mode: class=CMSIS, group=RTOS2, mode=CMSIS_V2, owner=FREERTOS
2023-09-14 17:10:39,724 [INFO] RtosManager:555 - Registered RTOS mode: class=RTOS, group=Core, mode=CMSIS_V1, owner=FREERTOS
2023-09-14 17:10:39,724 [INFO] RtosManager:555 - Registered RTOS mode: class=RTOS, group=Core, mode=CMSIS_V2, owner=FREERTOS
2023-09-14 17:10:39,727 [WARN] ModelIntegratedComponent:184 - Missing modes for component STMicroelectronics:FreeRTOS:0.0.1:STMicroelectronics:RTOS:FreeRTOS:Core:::10.2.0:
2023-09-14 17:10:39,761 [WARN] ModelIntegratedComponent:63 - No mode defined for component null
2023-09-14 17:10:39,761 [WARN] ModelIntegratedComponent:63 - No mode defined for component null
2023-09-14 17:10:39,761 [WARN] ModelIntegratedComponent:63 - No mode defined for component null
2023-09-14 17:10:39,762 [WARN] ModelIntegratedComponent:63 - No mode defined for component null
2023-09-14 17:10:39,762 [WARN] ModelIntegratedComponent:63 - No mode defined for component null
2023-09-14 17:10:39,762 [WARN] ModelIntegratedComponent:63 - No mode defined for component null
2023-09-14 17:10:39,762 [WARN] ModelIntegratedComponent:63 - No mode defined for component null
2023-09-14 17:10:39,762 [WARN] ModelIntegratedComponent:63 - No mode defined for component null
2023-09-14 17:10:39,762 [WARN] ModelIntegratedComponent:63 - No mode defined for component null
2023-09-14 17:10:39,762 [WARN] ModelIntegratedComponent:63 - No mode defined for component null
2023-09-14 17:10:39,762 [WARN] ModelIntegratedComponent:63 - No mode defined for component null
2023-09-14 17:10:39,762 [WARN] ModelIntegratedComponent:63 - No mode defined for component null
2023-09-14 17:10:39,762 [WARN] ModelIntegratedComponent:63 - No mode defined for component null
2023-09-14 17:10:39,762 [WARN] ModelIntegratedComponent:63 - No mode defined for component null
2023-09-14 17:10:39,762 [WARN] ModelIntegratedComponent:63 - No mode defined for component null
2023-09-14 17:10:39,762 [WARN] ModelIntegratedComponent:63 - No mode defined for component null
2023-09-14 17:10:39,762 [WARN] ModelIntegratedComponent:63 - No mode defined for component null
2023-09-14 17:10:39,762 [WARN] ModelIntegratedComponent:63 - No mode defined for component null
2023-09-14 17:10:39,762 [WARN] ModelIntegratedComponent:63 - No mode defined for component null
2023-09-14 17:10:39,762 [WARN] ModelIntegratedComponent:63 - No mode defined for component null
2023-09-14 17:10:39,762 [WARN] ModelIntegratedComponent:63 - No mode defined for component null
2023-09-14 17:10:39,762 [WARN] ModelIntegratedComponent:63 - No mode defined for component null
2023-09-14 17:10:39,762 [WARN] ModelIntegratedComponent:63 - No mode defined for component null
2023-09-14 17:10:39,762 [WARN] ModelIntegratedComponent:63 - No mode defined for component null
2023-09-14 17:10:39,762 [WARN] ModelIntegratedComponent:63 - No mode defined for component null
2023-09-14 17:10:39,762 [WARN] ModelIntegratedComponent:63 - No mode defined for component null
2023-09-14 17:10:39,762 [WARN] ModelIntegratedComponent:63 - No mode defined for component null
2023-09-14 17:10:39,763 [WARN] ModelIntegratedComponent:63 - No mode defined for component null
2023-09-14 17:10:39,763 [WARN] ModelIntegratedComponent:63 - No mode defined for component null
2023-09-14 17:10:39,763 [WARN] ModelIntegratedComponent:63 - No mode defined for component null
2023-09-14 17:10:39,763 [WARN] ModelIntegratedComponent:63 - No mode defined for component null
2023-09-14 17:10:39,763 [WARN] ModelIntegratedComponent:63 - No mode defined for component null
2023-09-14 17:10:39,763 [WARN] ModelIntegratedComponent:63 - No mode defined for component null
2023-09-14 17:10:39,828 [INFO] ThirdPartyModel:298 - Start build external matchings
2023-09-14 17:10:40,184 [INFO] ThirdPartyModel:316 - End build external matchings
2023-09-14 17:10:40,203 [INFO] ImportTextPane:194 - (OptionalMessage_ERROR) IP (RCC) : Invalid parameter (48MHZClocksFreq_Value)
2023-09-14 17:10:40,203 [INFO] ImportTextPane:194 - (OptionalMessage_ERROR) IP (RCC) : Invalid parameter (ADC12outputFreq_Value)
2023-09-14 17:10:40,203 [INFO] ImportTextPane:194 - (OptionalMessage_ERROR) IP (RCC) : Invalid parameter (ADC34outputFreq_Value)
2023-09-14 17:10:40,204 [INFO] ImportTextPane:194 - (OptionalMessage_ERROR) IP (RCC) : Invalid parameter (FamilyName)
2023-09-14 17:10:40,205 [INFO] ImportTextPane:194 - (OptionalMessage_ERROR) IP (RCC) : Invalid parameter (I2SClocksFreq_Value)
2023-09-14 17:10:40,205 [INFO] ImportTextPane:194 - (OptionalMessage_ERROR) IP (RCC) : Parameter (LCDTFToutputFreq_Value) has invalid value (96000000)
2023-09-14 17:10:40,205 [INFO] ImportTextPane:194 - (OptionalMessage_ERROR) IP (RCC) : Invalid parameter (MCOFreq_Value)
2023-09-14 17:10:40,206 [INFO] ImportTextPane:194 - (OptionalMessage_ERROR) IP (RCC) : Invalid parameter (PLLMCOFreq_Value)
2023-09-14 17:10:40,206 [INFO] ImportTextPane:194 - (OptionalMessage_ERROR) IP (RCC) : Invalid parameter (PLLMUL)
2023-09-14 17:10:40,206 [INFO] ImportTextPane:194 - (OptionalMessage_ERROR) IP (RCC) : Invalid parameter (PRESCALERUSB)
2023-09-14 17:10:40,206 [INFO] ImportTextPane:194 - (OptionalMessage_ERROR) IP (RCC) : Invalid parameter (RTCHSEDivFreq_Value)
2023-09-14 17:10:40,206 [INFO] ImportTextPane:194 - (OptionalMessage_ERROR) IP (RCC) : Parameter (SDMMCFreq_Value) has invalid value (72000000)
2023-09-14 17:10:40,206 [INFO] ImportTextPane:194 - (OptionalMessage_ERROR) IP (RCC) : Invalid parameter (SYSCLKSourceVirtual)
2023-09-14 17:10:40,206 [INFO] ImportTextPane:194 - (OptionalMessage_ERROR) IP (RCC) : Invalid parameter (TIM15Freq_Value)
2023-09-14 17:10:40,206 [INFO] ImportTextPane:194 - (OptionalMessage_ERROR) IP (RCC) : Invalid parameter (TIM16Freq_Value)
2023-09-14 17:10:40,207 [INFO] ImportTextPane:194 - (OptionalMessage_ERROR) IP (RCC) : Invalid parameter (TIM17Freq_Value)
2023-09-14 17:10:40,207 [INFO] ImportTextPane:194 - (OptionalMessage_ERROR) IP (RCC) : Invalid parameter (TIM1Freq_Value)
2023-09-14 17:10:40,207 [INFO] ImportTextPane:194 - (OptionalMessage_ERROR) IP (RCC) : Invalid parameter (TIM20Freq_Value)
2023-09-14 17:10:40,207 [INFO] ImportTextPane:194 - (OptionalMessage_ERROR) IP (RCC) : Invalid parameter (TIM2Freq_Value)
2023-09-14 17:10:40,207 [INFO] ImportTextPane:194 - (OptionalMessage_ERROR) IP (RCC) : Invalid parameter (TIM3Freq_Value)
2023-09-14 17:10:40,207 [INFO] ImportTextPane:194 - (OptionalMessage_ERROR) IP (RCC) : Invalid parameter (TIM8Freq_Value)
2023-09-14 17:10:40,207 [INFO] ImportTextPane:194 - (OptionalMessage_ERROR) IP (RCC) : Invalid parameter (VCOOutput2Freq_Value)
2023-09-14 17:10:40,207 [INFO] ImportTextPane:194 - (OptionalMessage_ERROR) IP (RCC) : Invalid parameter (VcooutputI2S)
2023-09-14 17:10:41,000 [INFO] UtilMem:75 - End LoadConfig() Used Memory: 599799456 Bytes (701497344)
2023-09-14 17:10:41,275 [INFO] ApiDb:581 - Connected to CubeFinder SQLite database (C:\Users\sucit\.stmcufinder\plugins\mcufinder\mcu\cube-finder-db.db)
2023-09-14 17:10:41,399 [INFO] ApiDb:668 - CubeFinder database Data Model version=2.1
2023-09-14 17:10:41,400 [INFO] ApiDb:669 - CubeFinder database Configuration version=3.0.37
2023-09-14 17:10:41,400 [INFO] ApiDb:670 - CubeFinder database generation date=2023-08-09 (1691586011)
2023-09-14 17:10:41,400 [INFO] ApiDb:671 - CubeFinder database FW Pack versions=[FP-ATR-ASTRA1_V2.0.0, FP-SNS-FLIGHT1_V5.0.1, FP-SNS-FLIGHT1_V5.0.2, FP-SNS-MOTENV1_V4.3.1, FP-SNS-MOTENV1_V4.3.2, STM32Cube_FW_C0_V1.1.0, STM32Cube_FW_F4_V1.27.1, STM32Cube_FW_F7_V1.17.0, STM32Cube_FW_G0_V1.6.1, STM32Cube_FW_G4_V1.5.1, STM32Cube_FW_H5_V0.5.1, STM32Cube_FW_H5_V1.1.0, STM32Cube_FW_H7_V1.11.0, STM32Cube_FW_L0_V1.12.2, STM32Cube_FW_L5_V1.5.0, STM32Cube_FW_U5_V1.3.0, STM32Cube_FW_U5_V1.3.0RC4, STM32Cube_FW_WBA_V1.0.0RC1, STM32Cube_FW_WBA_V1.1.0, STM32Cube_FW_WBA_V1.1.0RC1, STM32Cube_FW_WB_V1.15.0RC1, STM32Cube_FW_WB_V1.16.0, STM32Cube_FW_WB_V1.16.0RC2, STM32Cube_FW_WB_V1.17.0, STM32Cube_FW_WL_V1.3.0, X-CUBE-ALGOBUILD_V1.3.0, X-CUBE-ALS_V1.0.1, X-CUBE-AZRTOS-F4_V1.1.0, X-CUBE-AZRTOS-F7_V1.1.0, X-CUBE-AZRTOS-G0_V1.1.0, X-CUBE-AZRTOS-G4_V2.0.0, X-CUBE-AZRTOS-H7_V3.1.0, X-CUBE-AZRTOS-L4_V1.0.0, X-CUBE-AZRTOS-L4_V2.0.0, X-CUBE-AZRTOS-L5_V1.1.0, X-CUBE-AZRTOS-WB_V1.1.0, X-CUBE-AZRTOS-WL_V2.0.0, X-CUBE-BLE1_V7.0.0, X-CUBE-BLE2_V3.3.0, X-CUBE-BLEMGR_V2.0.0, X-CUBE-EEPRMA1_V4.1.0, X-CUBE-FREERTOS_V1.1.0, X-CUBE-GNSS1_V6.0.0, X-CUBE-MEMS1_V9.1.0, X-CUBE-MEMS1_V9.4.0, X-CUBE-MEMS1_V9.6.0, X-CUBE-NFC4_V3.0.0, X-CUBE-NFC7_V1.0.0, X-CUBE-SFXS2LP1_V4.0.0, X-CUBE-SUBG2_V5.0.0, X-CUBE-TOF1_V3.3.1]
2023-09-14 17:10:44,715 [INFO] ApiDb:240 - Found 323 in-development CPN: [B-G473E-ZEST1S, B-WB1M-WPAN1, B-WL5M-SUBG1, NUCLEO-C031C6, NUCLEO-H503RB, NUCLEO-H563ZI, NUCLEO-U545RE-Q, NUCLEO-U5A5ZJ-Q, NUCLEO-WBA52CG, STEVAL-PROTEUS1, STEVAL-SMARTAG2, STEVAL-STWINBX1, STM320518-EVAL, STM32C0116-DK, STM32C011D6Y3TR, STM32C011D6Y6TR, STM32C011F4P3, STM32C011F4P6, STM32C011F4U3, STM32C011F4U6TR, STM32C011F6P3, STM32C011F6P6, STM32C011F6U3, STM32C011F6U6TR, STM32C011J4M3, STM32C011J4M6, STM32C011J6M3, STM32C011J6M6, STM32C0316-DK, STM32C031C4T3, STM32C031C4T6, STM32C031C4U3, STM32C031C4U6, STM32C031C6T3, STM32C031C6T6, STM32C031C6U3, STM32C031C6U6, STM32C031F4P3, STM32C031F4P6, STM32C031F6P3, STM32C031F6P6, STM32C031G4U3, STM32C031G4U6, STM32C031G6U3, STM32C031G6U6, STM32C031K4T3, STM32C031K4T6, STM32C031K4U3, STM32C031K4U6, STM32C031K6T3, STM32C031K6T6, STM32C031K6U3, STM32C031K6U6, STM32G071K8TXN, STM32G071K8UXN, STM32G081GBU6N, STM32G081KBT6N, STM32G081KBUXN, STM32G0B1CCT6N, STM32G0B1KCT6, STM32G0B1NEY6TR, STM32G0B1RCT6N, STM32G0C1CCT6, STM32G0C1CCT6N, STM32G0C1CCU6N, STM32G0C1CET6N, STM32G0C1CEU6N, STM32G0C1KCT6, STM32G0C1NEY6TR, STM32G0C1RCI6N, STM32G0C1RCT6N, STM32G0C1REI6N, STM32G0C1RET6N, STM32G0C1VCI6, STM32G0C1VEI6, STM32G471CCT6, STM32G471CCU6, STM32G471CET3, STM32G471CET6, STM32G471CEU3, STM32G471CEU6, STM32G471MCT6, STM32G471MET3, STM32G471MET6, STM32G471MEY6TR, STM32G471QCT6, STM32G471QET3, STM32G471RCT6, STM32G471RET3, STM32G471RET6, STM32G471VCH6, STM32G471VCI6, STM32G471VCT6, STM32G471VEH3, STM32G471VEH6, STM32G471VEI3, STM32G471VEI6, STM32G471VET3, STM32G471VET6, STM32G474CCT6, STM32H503CBT6, STM32H503CBU6, STM32H503EBY6TR, STM32H503KBU6, STM32H503RBT6, STM32H562AGI6, STM32H562AII6, STM32H562IGK6, STM32H562IGT6, STM32H562IIK6, STM32H562IIT6, STM32H562RGT6, STM32H562RGV6, STM32H562RIT6, STM32H562RIV6, STM32H562VGT6, STM32H562VIT6, STM32H562ZGT6, STM32H562ZIT6, STM32H563AGI6, STM32H563AII3Q, STM32H563AII6, STM32H563IGK6, STM32H563IGT6, STM32H563IIK3Q, STM32H563IIK6, STM32H563IIT3Q, STM32H563IIT6, STM32H563MIY3QTR, STM32H563RGT6, STM32H563RGV6, STM32H563RIT6, STM32H563RIV6, STM32H563VGT6, STM32H563VIT3Q, STM32H563VIT6, STM32H563ZGT6, STM32H563ZIT3Q, STM32H563ZIT6, STM32H573AII3Q, STM32H573AII6, STM32H573I-DK, STM32H573IIK3Q, STM32H573IIK6, STM32H573IIT3Q, STM32H573IIT6, STM32H573MIY3QTR, STM32H573RIT6, STM32H573RIV6, STM32H573VIT3Q, STM32H573VIT6, STM32H573ZIT3Q, STM32H573ZIT6, STM32L4R5QGI6STR, STM32MP131AAE3, STM32MP131AAF3, STM32MP131AAG3, STM32MP131CAE3, STM32MP131CAF3, STM32MP131CAG3, STM32MP131DAE7, STM32MP131DAF7, STM32MP131DAG7, STM32MP131FAE7, STM32MP131FAF7, STM32MP131FAG7, STM32MP133AAE3, STM32MP133AAF3, STM32MP133AAG3, STM32MP133CAE3, STM32MP133CAF3, STM32MP133CAG3, STM32MP133DAE7, STM32MP133DAF7, STM32MP133DAG7, STM32MP133FAE7, STM32MP133FAF7, STM32MP133FAG7, STM32MP135AAE3, STM32MP135AAF3, STM32MP135AAG3, STM32MP135CAE3, STM32MP135CAF3, STM32MP135CAG3, STM32MP135DAE7, STM32MP135DAF7, STM32MP135DAG7, STM32MP135F-DK, STM32MP135FAE7, STM32MP135FAF7, STM32MP135FAF7T, STM32MP135FAF7U, STM32MP135FAG7, STM32U535CBT6, STM32U535CBT6Q, STM32U535CBU6, STM32U535CBU6Q, STM32U535CCT6, STM32U535CCT6Q, STM32U535CCU6, STM32U535CCU6Q, STM32U535CET6, STM32U535CET6Q, STM32U535CEU6, STM32U535CEU6Q, STM32U535JEY6QTR, STM32U535NCY6QTR, STM32U535NEY6QTR, STM32U535RBI6, STM32U535RBI6Q, STM32U535RBT6, STM32U535RBT6Q, STM32U535RCI6, STM32U535RCI6Q, STM32U535RCT6, STM32U535RCT6Q, STM32U535REI6, STM32U535REI6Q, STM32U535RET6, STM32U535RET6Q, STM32U535VCI6, STM32U535VCI6Q, STM32U535VCT6, STM32U535VCT6Q, STM32U535VEI6, STM32U535VEI6Q, STM32U535VET6, STM32U535VET6Q, STM32U545CET6, STM32U545CET6Q, STM32U545CEU6, STM32U545CEU6Q, STM32U545JEY6QTR, STM32U545NEY6QTR, STM32U545REI6, STM32U545REI6Q, STM32U545RET6, STM32U545RET6Q, STM32U545VEI6, STM32U545VEI6Q, STM32U545VET6, STM32U545VET6Q, STM32U595AIH6, STM32U595AIH6Q, STM32U595AJH6, STM32U595AJH6Q, STM32U595QII6, STM32U595QII6Q, STM32U595QJI6, STM32U595QJI6Q, STM32U595RIT6, STM32U595RIT6Q, STM32U595RJT6, STM32U595RJT6Q, STM32U595VIT6, STM32U595VIT6Q, STM32U595VJT6, STM32U595VJT6Q, STM32U595ZIT6, STM32U595ZIT6Q, STM32U595ZIY6QTR, STM32U595ZJT6, STM32U595ZJT6Q, STM32U595ZJY6QTR, STM32U599BJY6QTR, STM32U599NIH6Q, STM32U599NJH6Q, STM32U599VIT6Q, STM32U599VJT6, STM32U599VJT6Q, STM32U599ZIT6Q, STM32U599ZIY6QTR, STM32U599ZJT6Q, STM32U599ZJY6QTR, STM32U5A5AJH6, STM32U5A5AJH6Q, STM32U5A5QJI6, STM32U5A5QJI6Q, STM32U5A5RJT6, STM32U5A5RJT6Q, STM32U5A5VJT6, STM32U5A5VJT6Q, STM32U5A5ZJT6, STM32U5A5ZJT6Q, STM32U5A5ZJY6QTR, STM32U5A9BJY6QTR, STM32U5A9J-DK, STM32U5A9NJH6Q, STM32U5A9VJT6Q, STM32U5A9ZJT6Q, STM32U5A9ZJY6QTR, STM32U5F7VIT6, STM32U5F7VIT6Q, STM32U5F7VJT6, STM32U5F7VJT6Q, STM32U5F9BJY6QTR, STM32U5F9NJH6Q, STM32U5F9VIT6Q, STM32U5F9VJT6Q, STM32U5F9ZIJ6QTR, STM32U5F9ZIT6Q, STM32U5F9ZJJ6QTR, STM32U5F9ZJT6Q, STM32U5G7VJT6, STM32U5G7VJT6Q, STM32U5G9BJY6QTR, STM32U5G9J-DK1, STM32U5G9J-DK2, STM32U5G9NJH6Q, STM32U5G9VJT6Q, STM32U5G9ZJJ6QTR, STM32U5G9ZJT6Q, STM32WB1MMCH6, STM32WBA52CEU6, STM32WBA52CEU6T, STM32WBA52CGU6, STM32WBA52CGU6T, STM32WBA52KEU6, STM32WBA52KEU6T, STM32WBA52KGU6, STM32WBA52KGU6T, STM32WL5MOCH6, STM32WL5MOCH6TR]
2023-09-14 17:10:44,719 [INFO] DbMcus:217 - Found 3848 MCUs, 3848 are supported
2023-09-14 17:10:44,720 [INFO] ApiDb:423 - Load user favorites file C:\Users\sucit/.stm32cubeide/favorites.mcus.txt: 0 item(s)
2023-09-14 17:10:44,720 [INFO] ApiDb:427 - User favorites MCUs=[]
2023-09-14 17:10:44,720 [INFO] DbMcus:223 - Set 0 / 0 favorites MCUs
2023-09-14 17:10:45,237 [WARN] ThirdParty:833 - waiting for thirdparty lock release [change project]
2023-09-14 17:10:45,237 [INFO] ThirdParty:835 - entering critical section [change project]
2023-09-14 17:10:45,238 [INFO] ThirdParty:1030 - CMSIS Pack Vendor :STMicroelectronics X-CUBE-ISPU 1.1.0
2023-09-14 17:10:45,238 [INFO] ThirdParty:1030 - CMSIS Pack Vendor :STMicroelectronics USBPD 4.1
2023-09-14 17:10:45,238 [INFO] ThirdParty:1030 - CMSIS Pack Vendor :STMicroelectronics X-CUBE-GNSS1 6.0.0
2023-09-14 17:10:45,238 [INFO] ThirdParty:1030 - CMSIS Pack Vendor :STMicroelectronics USB_HOST 2.0.0
2023-09-14 17:10:45,238 [INFO] ThirdParty:1030 - CMSIS Pack Vendor :STMicroelectronics X-CUBE-AZRTOS-F4 1.1.0
2023-09-14 17:10:45,238 [INFO] ThirdParty:1030 - CMSIS Pack Vendor :STMicroelectronics LIBJPEG 8.0.0
2023-09-14 17:10:45,238 [INFO] ThirdParty:1030 - CMSIS Pack Vendor :wolfSSL I-CUBE-wolfSSL 5.6.3
2023-09-14 17:10:45,238 [INFO] ThirdParty:1030 - CMSIS Pack Vendor :STMicroelectronics X-CUBE-SMBUS 2.1.0
2023-09-14 17:10:45,238 [INFO] ThirdParty:1030 - CMSIS Pack Vendor :STMicroelectronics USB_DEVICE 3.0.0
2023-09-14 17:10:45,238 [INFO] ThirdParty:1030 - CMSIS Pack Vendor :STMicroelectronics X-CUBE-AZRTOS-WB 2.0.0
2023-09-14 17:10:45,238 [INFO] ThirdParty:1030 - CMSIS Pack Vendor :STMicroelectronics X-CUBE-AZRTOS-F7 1.1.0
2023-09-14 17:10:45,238 [INFO] ThirdParty:1030 - CMSIS Pack Vendor :STMicroelectronics X-CUBE-AZRTOS-L5 2.0.0
2023-09-14 17:10:45,238 [INFO] ThirdParty:1030 - CMSIS Pack Vendor :STMicroelectronics USB_DEVICE 2.0.0
2023-09-14 17:10:45,238 [INFO] ThirdParty:1030 - CMSIS Pack Vendor :STMicroelectronics X-CUBE-MEMS1 9.6.0
2023-09-14 17:10:45,238 [INFO] ThirdParty:1030 - CMSIS Pack Vendor :STMicroelectronics FP-SNS-MOTENV1 4.3.2
2023-09-14 17:10:45,238 [INFO] ThirdParty:1030 - CMSIS Pack Vendor :STMicroelectronics X-CUBE-ALGOBUILD 1.3.0
2023-09-14 17:10:45,238 [INFO] ThirdParty:1030 - CMSIS Pack Vendor :STMicroelectronics FreeRTOS 0.0.1
2023-09-14 17:10:45,238 [INFO] ThirdParty:1030 - CMSIS Pack Vendor :STMicroelectronics X-CUBE-AZRTOS-G0 1.1.0
2023-09-14 17:10:45,238 [INFO] ThirdParty:1030 - CMSIS Pack Vendor :STMicroelectronics X-CUBE-BLEMGR 2.0.0
2023-09-14 17:10:45,238 [INFO] ThirdParty:1030 - CMSIS Pack Vendor :STMicroelectronics X-CUBE-NFC4 3.0.0
2023-09-14 17:10:45,238 [INFO] ThirdParty:1030 - CMSIS Pack Vendor :STMicroelectronics X-CUBE-SUBG2 5.0.0
2023-09-14 17:10:45,238 [INFO] ThirdParty:1030 - CMSIS Pack Vendor :STMicroelectronics STM32_WPAN 1.0.0
2023-09-14 17:10:45,238 [INFO] ThirdParty:1030 - CMSIS Pack Vendor :STMicroelectronics lwIP 2.0.3
2023-09-14 17:10:45,238 [INFO] ThirdParty:1030 - CMSIS Pack Vendor :STMicroelectronics FP-SNS-FLIGHT1 5.0.2
2023-09-14 17:10:45,239 [INFO] ThirdParty:1030 - CMSIS Pack Vendor :STMicroelectronics USB_HOST 1.0.0
2023-09-14 17:10:45,239 [INFO] ThirdParty:1030 - CMSIS Pack Vendor :STMicroelectronics X-CUBE-TOF1 3.3.1
2023-09-14 17:10:45,239 [INFO] ThirdParty:1030 - CMSIS Pack Vendor :STMicroelectronics X-CUBE-AZRTOS-G4 2.0.0
2023-09-14 17:10:45,239 [INFO] ThirdParty:1030 - CMSIS Pack Vendor :STMicroelectronics PDM2PCM 3.1.0
2023-09-14 17:10:45,239 [INFO] ThirdParty:1030 - CMSIS Pack Vendor :STMicroelectronics X-CUBE-AZRTOS-H7 3.1.0
2023-09-14 17:10:45,239 [INFO] ThirdParty:1030 - CMSIS Pack Vendor :STMicroelectronics PDM2PCM 3.3.0
2023-09-14 17:10:45,239 [INFO] ThirdParty:1030 - CMSIS Pack Vendor :STMicroelectronics X-CUBE-DISPLAY 3.0.0
2023-09-14 17:10:45,239 [INFO] ThirdParty:1030 - CMSIS Pack Vendor :STMicroelectronics X-CUBE-BLE1 7.0.0
2023-09-14 17:10:45,239 [INFO] ThirdParty:1030 - CMSIS Pack Vendor :STMicroelectronics FP-ATR-SIGFOX1 3.2.0
2023-09-14 17:10:45,239 [INFO] ThirdParty:1030 - CMSIS Pack Vendor :STMicroelectronics HAL Drivers 0.0.0
2023-09-14 17:10:45,239 [INFO] ThirdParty:1030 - CMSIS Pack Vendor :STMicroelectronics MBEDTLS 2.16.2
2023-09-14 17:10:45,239 [INFO] ThirdParty:1030 - CMSIS Pack Vendor :emotas I-CUBE-CANOPEN 1.3.0
2023-09-14 17:10:45,239 [INFO] ThirdParty:1030 - CMSIS Pack Vendor :STMicroelectronics X-CUBE-FREERTOS 1.1.0
2023-09-14 17:10:45,239 [INFO] ThirdParty:1030 - CMSIS Pack Vendor :STMicroelectronics X-CUBE-TOUCHGFX 4.22.0
2023-09-14 17:10:45,239 [INFO] ThirdParty:1030 - CMSIS Pack Vendor :STMicroelectronics X-CUBE-NFC7 1.0.1
2023-09-14 17:10:45,239 [INFO] ThirdParty:1030 - CMSIS Pack Vendor :STMicroelectronics MBEDTLS 2.14.1
2023-09-14 17:10:45,239 [INFO] ThirdParty:1030 - CMSIS Pack Vendor :STMicroelectronics X-CUBE-NFC6 3.0.0
2023-09-14 17:10:45,239 [INFO] ThirdParty:1030 - CMSIS Pack Vendor :STMicroelectronics X-CUBE-EEPRMA1 4.1.0
2023-09-14 17:10:45,239 [INFO] ThirdParty:1030 - CMSIS Pack Vendor :portGmbH I-Cube-SoM-uGOAL 1.1.0
2023-09-14 17:10:45,239 [INFO] ThirdParty:1030 - CMSIS Pack Vendor :STMicroelectronics X-CUBE-ALS 1.0.1
2023-09-14 17:10:45,239 [INFO] ThirdParty:1030 - CMSIS Pack Vendor :STMicroelectronics ThreadX 1.0.0
2023-09-14 17:10:45,239 [INFO] ThirdParty:1030 - CMSIS Pack Vendor :STMicroelectronics FP-SNS-SMARTAG2 1.2.0
2023-09-14 17:10:45,239 [INFO] ThirdParty:1030 - CMSIS Pack Vendor :STMicroelectronics X-CUBE-AZRTOS-WL 2.0.0
2023-09-14 17:10:45,239 [INFO] ThirdParty:1030 - CMSIS Pack Vendor :SEGGER I-CUBE-embOS 1.3.1
2023-09-14 17:10:45,239 [INFO] ThirdParty:1030 - CMSIS Pack Vendor :STMicroelectronics USB_DEVICE 1.0.0
2023-09-14 17:10:45,239 [INFO] ThirdParty:1030 - CMSIS Pack Vendor :STMicroelectronics X-CUBE-AI 8.1.0
2023-09-14 17:10:45,239 [INFO] ThirdParty:1030 - CMSIS Pack Vendor :STMicroelectronics X-CUBE-AZRTOS-L4 2.0.0
2023-09-14 17:10:45,240 [INFO] ThirdParty:1030 - CMSIS Pack Vendor :STMicroelectronics ThreadX 0.0.2
2023-09-14 17:10:45,240 [INFO] ThirdParty:1030 - CMSIS Pack Vendor :WES I-CUBE-Cesium 1.3.0
2023-09-14 17:10:45,240 [INFO] ThirdParty:1030 - CMSIS Pack Vendor :STMicroelectronics FP-ATR-ASTRA1 2.0.0
2023-09-14 17:10:45,240 [INFO] ThirdParty:1030 - CMSIS Pack Vendor :STMicroelectronics lwIP 2.1.2
2023-09-14 17:10:45,240 [INFO] ThirdParty:1030 - CMSIS Pack Vendor :STMicroelectronics X-CUBE-SFXS2LP1 4.0.0
2023-09-14 17:10:45,240 [INFO] ThirdParty:1030 - CMSIS Pack Vendor :STMicroelectronics X-CUBE-BLE2 3.3.0
2023-09-14 17:10:45,240 [INFO] ThirdParty:1030 - CMSIS Pack Vendor :STMicroelectronics PDM2PCM 3.2.0
2023-09-14 17:10:45,240 [INFO] ThirdParty:841 - exiting critical section [change project]
2023-09-14 17:10:46,005 [INFO] PinOutPanel:1499 - setPackage(No Configuration,No Configuration)
2023-09-14 17:10:46,009 [INFO] PinOutPanel:1499 - setPackage(STM32F746ZGTx,LQFP144)
2023-09-14 17:10:47,314 [INFO] UtilMem:75 - Before build in PCC Used Memory: 636374352 Bytes (807403520)
2023-09-14 17:10:49,301 [INFO] UtilMem:75 - After build in PCC Used Memory: 514818864 Bytes (807403520)
2023-09-14 17:10:49,344 [INFO] IPUIPlugin:80 - create IPUIPlugin
2023-09-14 17:10:49,344 [INFO] IPUIPlugin:80 - create IPUIPlugin
2023-09-14 17:10:49,344 [INFO] IPUIPlugin:80 - create IPUIPlugin
2023-09-14 17:10:49,345 [INFO] IPUIPlugin:80 - create IPUIPlugin
2023-09-14 17:10:49,345 [INFO] IPUIPlugin:80 - create IPUIPlugin
2023-09-14 17:10:49,345 [INFO] IPUIPlugin:80 - create IPUIPlugin
2023-09-14 17:10:49,345 [INFO] IPUIPlugin:80 - create IPUIPlugin
2023-09-14 17:10:49,345 [INFO] IPUIPlugin:80 - create IPUIPlugin
2023-09-14 17:10:49,345 [INFO] IPUIPlugin:80 - create IPUIPlugin
2023-09-14 17:10:49,346 [INFO] IPUIPlugin:80 - create IPUIPlugin
2023-09-14 17:10:49,346 [INFO] IPUIPlugin:80 - create IPUIPlugin
2023-09-14 17:10:49,346 [INFO] IPUIPlugin:80 - create IPUIPlugin
2023-09-14 17:10:49,346 [INFO] IPUIPlugin:80 - create IPUIPlugin
2023-09-14 17:10:49,346 [INFO] IPUIPlugin:80 - create IPUIPlugin
2023-09-14 17:10:49,346 [INFO] IPUIPlugin:80 - create IPUIPlugin
2023-09-14 17:10:49,346 [INFO] IPUIPlugin:80 - create IPUIPlugin
2023-09-14 17:10:49,346 [INFO] IPUIPlugin:80 - create IPUIPlugin
2023-09-14 17:10:49,346 [INFO] IPUIPlugin:80 - create IPUIPlugin
2023-09-14 17:10:49,346 [INFO] IPUIPlugin:80 - create IPUIPlugin
2023-09-14 17:10:49,347 [INFO] IPUIPlugin:80 - create IPUIPlugin
2023-09-14 17:10:49,347 [INFO] IPUIPlugin:80 - create IPUIPlugin
2023-09-14 17:10:49,347 [INFO] IPUIPlugin:80 - create IPUIPlugin
2023-09-14 17:10:49,347 [INFO] IPUIPlugin:80 - create IPUIPlugin
2023-09-14 17:10:49,347 [INFO] IPUIPlugin:80 - create IPUIPlugin
2023-09-14 17:10:49,347 [INFO] IPUIPlugin:80 - create IPUIPlugin
2023-09-14 17:10:49,347 [INFO] IPUIPlugin:80 - create IPUIPlugin
2023-09-14 17:10:49,348 [INFO] IPUIPlugin:80 - create IPUIPlugin
2023-09-14 17:10:49,348 [INFO] IPUIPlugin:80 - create IPUIPlugin
2023-09-14 17:10:49,348 [INFO] IPUIPlugin:80 - create IPUIPlugin
2023-09-14 17:10:49,348 [INFO] IPUIPlugin:80 - create IPUIPlugin
2023-09-14 17:10:49,348 [INFO] IPUIPlugin:80 - create IPUIPlugin
2023-09-14 17:10:49,348 [INFO] IPUIPlugin:80 - create IPUIPlugin
2023-09-14 17:10:49,349 [INFO] IPUIPlugin:80 - create IPUIPlugin
2023-09-14 17:10:49,349 [INFO] IPUIPlugin:80 - create IPUIPlugin
2023-09-14 17:10:49,349 [INFO] IPUIPlugin:80 - create IPUIPlugin
2023-09-14 17:10:49,351 [INFO] IPUIPlugin:80 - create IPUIPlugin
2023-09-14 17:10:49,351 [INFO] IPUIPlugin:80 - create IPUIPlugin
2023-09-14 17:10:49,351 [INFO] IPUIPlugin:80 - create IPUIPlugin
2023-09-14 17:10:49,352 [INFO] IPUIPlugin:80 - create IPUIPlugin
2023-09-14 17:10:49,352 [INFO] IPUIPlugin:80 - create IPUIPlugin
2023-09-14 17:10:49,352 [INFO] IPUIPlugin:80 - create IPUIPlugin
2023-09-14 17:10:49,353 [INFO] IPUIPlugin:80 - create IPUIPlugin
2023-09-14 17:10:49,353 [INFO] IPUIPlugin:80 - create IPUIPlugin
2023-09-14 17:10:49,353 [INFO] IPUIPlugin:80 - create IPUIPlugin
2023-09-14 17:10:49,353 [INFO] IPUIPlugin:80 - create IPUIPlugin
2023-09-14 17:10:49,353 [INFO] IPUIPlugin:80 - create IPUIPlugin
2023-09-14 17:10:49,354 [INFO] IPUIPlugin:80 - create IPUIPlugin
2023-09-14 17:10:49,354 [INFO] IPUIPlugin:80 - create IPUIPlugin
2023-09-14 17:10:49,354 [INFO] IPUIPlugin:80 - create IPUIPlugin
2023-09-14 17:10:49,354 [INFO] IPUIPlugin:80 - create IPUIPlugin
2023-09-14 17:10:49,354 [INFO] IPUIPlugin:80 - create IPUIPlugin
2023-09-14 17:10:49,355 [INFO] IPUIPlugin:80 - create IPUIPlugin
2023-09-14 17:10:49,355 [INFO] IPUIPlugin:80 - create IPUIPlugin
2023-09-14 17:10:49,355 [INFO] IPUIPlugin:80 - create IPUIPlugin
2023-09-14 17:10:49,356 [INFO] IPUIPlugin:80 - create IPUIPlugin
2023-09-14 17:10:49,356 [INFO] IPUIPlugin:80 - create IPUIPlugin
2023-09-14 17:10:49,356 [INFO] IPUIPlugin:80 - create IPUIPlugin
2023-09-14 17:10:49,356 [INFO] IPUIPlugin:80 - create IPUIPlugin
2023-09-14 17:10:49,356 [INFO] IPUIPlugin:80 - create IPUIPlugin
2023-09-14 17:10:49,357 [INFO] IPUIPlugin:80 - create IPUIPlugin
2023-09-14 17:10:49,357 [INFO] IPUIPlugin:80 - create IPUIPlugin
2023-09-14 17:10:49,357 [INFO] IPUIPlugin:80 - create IPUIPlugin
2023-09-14 17:10:49,357 [INFO] IPUIPlugin:80 - create IPUIPlugin
2023-09-14 17:10:49,358 [INFO] IPUIPlugin:80 - create IPUIPlugin
2023-09-14 17:10:49,358 [INFO] IPUIPlugin:80 - create IPUIPlugin
2023-09-14 17:10:49,359 [INFO] IPUIPlugin:80 - create IPUIPlugin
2023-09-14 17:10:49,359 [INFO] IPUIPlugin:80 - create IPUIPlugin
2023-09-14 17:10:49,359 [INFO] IPUIPlugin:80 - create IPUIPlugin
2023-09-14 17:10:49,360 [INFO] IPUIPlugin:80 - create IPUIPlugin
2023-09-14 17:10:49,360 [INFO] IPUIPlugin:80 - create IPUIPlugin
2023-09-14 17:10:49,361 [INFO] IPUIPlugin:80 - create IPUIPlugin
2023-09-14 17:10:49,361 [INFO] IPUIPlugin:80 - create IPUIPlugin
2023-09-14 17:10:49,362 [INFO] IPUIPlugin:80 - create IPUIPlugin
2023-09-14 17:10:49,362 [INFO] IPUIPlugin:80 - create IPUIPlugin
2023-09-14 17:10:49,692 [INFO] ApiDbMcu:507 - Load IP Config File for PDM2PCM
2023-09-14 17:10:50,043 [INFO] CADModel:165 - CPN selected for project levelSTM32F746ZGT6
2023-09-14 17:10:50,043 [INFO] CADModel:114 - Register for checkConnection events
2023-09-14 17:10:50,132 [INFO] OpenFileManager:328 - Restore cursor
2023-09-14 17:15:23,221 [INFO] NvicIntPanel:101 - NVIC parent = com.st.microxplorer.plugins.ip.nvic.MultiNvicIntPanel[,0,0,0x0,invalid,layout=javax.swing.BoxLayout,alignmentX=0.0,alignmentY=0.0,border=,flags=9,maximumSize=,minimumSize=,preferredSize=]
2023-09-14 17:15:25,814 [INFO] UtilMem:75 - End SaveConfig() Used Memory: 691364784 Bytes (1060110336)
2023-09-14 17:15:26,010 [INFO] UtilMem:75 - End SaveConfig() Used Memory: 719676336 Bytes (1060110336)
2023-09-14 17:15:26,368 [INFO] UtilMem:75 - End SaveConfig() Used Memory: 754805624 Bytes (1060110336)
2023-09-14 17:15:26,959 [INFO] BlockDiagram:2759 - set Specific Code input for plugin: TIM1_8F7
2023-09-14 17:15:26,959 [INFO] BlockDiagram:2759 - set Specific Code input for plugin: SYS
2023-09-14 17:15:26,959 [INFO] BlockDiagram:2759 - set Specific Code input for plugin: RCC
2023-09-14 17:15:26,959 [INFO] BlockDiagram:2759 - set Specific Code input for plugin: USB_OTG_FS
2023-09-14 17:15:26,959 [INFO] BlockDiagram:2759 - set Specific Code input for plugin: NVIC
2023-09-14 17:15:26,959 [INFO] BlockDiagram:2759 - set Specific Code input for plugin: USART
2023-09-14 17:15:26,959 [INFO] BlockDiagram:2759 - set Specific Code input for plugin: GPIO
2023-09-14 17:15:26,961 [INFO] CodeGenerator:799 - code generatio: config db path: C:\ST\STM32CubeIDE_1.13.1\STM32CubeIDE\plugins\com.st.stm32cube.common.mx_6.9.1.202307191849\\db\
2023-09-14 17:15:27,380 [INFO] CodeEngine:255 - oldGeneratedFile, C:\Users\sucit\OneDrive\Documents\Repositories\ECE_471\ECE471_Hw3\MXTmpFiles\license.tmp_save
2023-09-14 17:15:28,245 [INFO] CodeEngine:279 - Generated code: C:\Users\sucit\OneDrive\Documents\Repositories\ECE_471\ECE471_Hw3\MXTmpFiles\license.tmp
2023-09-14 17:15:28,543 [INFO] CodeEngine:255 - oldGeneratedFile, C:\Users\sucit\OneDrive\Documents\Repositories\ECE_471\ECE471_Hw3\MXTmpFiles\gpio.tmp_save
2023-09-14 17:15:28,797 [INFO] CodeEngine:279 - Generated code: C:\Users\sucit\OneDrive\Documents\Repositories\ECE_471\ECE471_Hw3\MXTmpFiles\gpio.tmp
2023-09-14 17:15:29,229 [WARN] IPConfigManager:2937 - Warning: the RefConfig PWREx_EnableUSBVoltageDetector is not available in your config.xml file
2023-09-14 17:15:29,246 [INFO] CodeEngine:255 - oldGeneratedFile, C:\Users\sucit\OneDrive\Documents\Repositories\ECE_471\ECE471_Hw3\MXTmpFiles\cortex.tmp_save
2023-09-14 17:15:29,354 [INFO] CodeEngine:279 - Generated code: C:\Users\sucit\OneDrive\Documents\Repositories\ECE_471\ECE471_Hw3\MXTmpFiles\cortex.tmp
2023-09-14 17:15:29,391 [INFO] CodeEngine:255 - oldGeneratedFile, C:\Users\sucit\OneDrive\Documents\Repositories\ECE_471\ECE471_Hw3\Core\Src\stm32f7xx_it.c_save
2023-09-14 17:15:29,654 [INFO] CodeEngine:279 - Generated code: C:\Users\sucit\OneDrive\Documents\Repositories\ECE_471\ECE471_Hw3\Core\Src\stm32f7xx_it.c
2023-09-14 17:15:29,674 [INFO] CodeEngine:255 - oldGeneratedFile, C:\Users\sucit\OneDrive\Documents\Repositories\ECE_471\ECE471_Hw3\Core\Inc\stm32f7xx_it.h_save
2023-09-14 17:15:29,765 [INFO] CodeEngine:279 - Generated code: C:\Users\sucit\OneDrive\Documents\Repositories\ECE_471\ECE471_Hw3\Core\Inc\stm32f7xx_it.h
2023-09-14 17:15:29,797 [INFO] CodeEngine:255 - oldGeneratedFile, C:\Users\sucit\OneDrive\Documents\Repositories\ECE_471\ECE471_Hw3\Core\Src\stm32f7xx_hal_msp.c_save
2023-09-14 17:15:29,935 [INFO] CodeEngine:279 - Generated code: C:\Users\sucit\OneDrive\Documents\Repositories\ECE_471\ECE471_Hw3\Core\Src\stm32f7xx_hal_msp.c
2023-09-14 17:15:29,952 [INFO] CodeEngine:255 - oldGeneratedFile, C:\Users\sucit\OneDrive\Documents\Repositories\ECE_471\ECE471_Hw3\MXTmpFiles\system.tmp_save
2023-09-14 17:15:30,026 [INFO] CodeEngine:279 - Generated code: C:\Users\sucit\OneDrive\Documents\Repositories\ECE_471\ECE471_Hw3\MXTmpFiles\system.tmp
2023-09-14 17:15:30,053 [INFO] CodeEngine:311 - oldGeneratedFile, C:\Users\sucit\OneDrive\Documents\Repositories\ECE_471\ECE471_Hw3\Core\Inc\stm32f7xx_hal_conf.h_save
2023-09-14 17:15:30,180 [INFO] CodeEngine:335 - Generated code: C:\Users\sucit\OneDrive\Documents\Repositories\ECE_471\ECE471_Hw3\Core\Inc\stm32f7xx_hal_conf.h
2023-09-14 17:15:30,274 [WARN] IPConfigManager:3431 - IP not found : TIM
2023-09-14 17:15:30,275 [WARN] IPConfigManager:3431 - IP not found : USB_OTG
2023-09-14 17:15:30,277 [WARN] CodeGenerator:3760 - IP not found : null
2023-09-14 17:15:30,277 [WARN] CodeGenerator:3760 - IP not found : null
2023-09-14 17:15:30,292 [INFO] CodeEngine:255 - oldGeneratedFile, C:\Users\sucit\OneDrive\Documents\Repositories\ECE_471\ECE471_Hw3\Core\Inc\main.h_save
2023-09-14 17:15:30,497 [INFO] CodeEngine:279 - Generated code: C:\Users\sucit\OneDrive\Documents\Repositories\ECE_471\ECE471_Hw3\Core\Inc\main.h
2023-09-14 17:15:30,519 [INFO] CodeEngine:255 - oldGeneratedFile, C:\Users\sucit\OneDrive\Documents\Repositories\ECE_471\ECE471_Hw3\Core\Src\main.c_save
2023-09-14 17:15:30,744 [INFO] CodeEngine:279 - Generated code: C:\Users\sucit\OneDrive\Documents\Repositories\ECE_471\ECE471_Hw3\Core\Src\main.c
2023-09-14 17:15:31,525 [INFO] ProjectBuilder:3064 - Time for Copy HAL[1] : 330mS.
2023-09-14 17:15:31,541 [INFO] ProjectBuilder:4404 - Project Generator version: 4.1.0
2023-09-14 17:15:31,720 [INFO] ConfigFileManager:1457 - The Die is : DIE449
2023-09-14 17:15:31,788 [INFO] ApiDbMcu:507 - Load IP Config File for FATFS
2023-09-14 17:15:31,794 [INFO] ApiDbMcu:507 - Load IP Config File for FREERTOS
2023-09-14 17:15:31,798 [INFO] ApiDbMcu:507 - Load IP Config File for LIBJPEG
2023-09-14 17:15:31,806 [INFO] ApiDbMcu:507 - Load IP Config File for LWIP
2023-09-14 17:15:31,871 [INFO] ApiDbMcu:507 - Load IP Config File for MBEDTLS
2023-09-14 17:15:31,895 [INFO] ApiDbMcu:507 - Load IP Config File for USB_DEVICE
2023-09-14 17:15:31,904 [INFO] ApiDbMcu:507 - Load IP Config File for USB_HOST
2023-09-14 17:15:33,341 [INFO] LogOutputStream:77 - [STDOUT_REDIRECT] 
2023-09-14 17:15:35,446 [INFO] ProjectBuilder:4626 - Time for Generating toolchain IDE Files: 3899mS.
2023-09-14 17:15:35,447 [INFO] ProjectBuilder:2935 - Time for Copy CMSIS : 1mS.
2023-09-14 17:15:35,451 [INFO] ProjectBuilder:2935 - Time for Copy CMSIS : 0mS.
2023-09-14 17:51:53,047 [INFO] NvicIntPanel:101 - NVIC parent = com.st.microxplorer.plugins.ip.nvic.MultiNvicIntPanel[,0,0,0x0,invalid,layout=javax.swing.BoxLayout,alignmentX=0.0,alignmentY=0.0,border=,flags=9,maximumSize=,minimumSize=,preferredSize=]
2023-09-14 17:52:24,476 [INFO] MainUpdater:2868 - connection check result : 10
2023-09-14 17:52:24,477 [INFO] MainUpdater:2868 - connection check result : 10
2023-09-14 17:52:24,579 [INFO] MicroXplorer:468 - Change Database Path : 
2023-09-14 17:52:24,579 [INFO] MicroXplorer:498 - Change Database Version : DB.6.0.91
2023-09-14 17:52:24,646 [WARN] ThirdParty:871 - waiting for thirdparty lock release [close project]
2023-09-14 17:52:24,646 [INFO] ThirdParty:873 - entering critical section [close project]
2023-09-14 17:52:24,646 [INFO] ThirdParty:883 - exiting critical section [close project]
2023-09-14 17:52:24,649 [INFO] PinOutPanel:1499 - setPackage(No Configuration,No Configuration)
2023-09-14 17:52:24,670 [WARN] IpParametersView:151 - Warning: This peripheral hasn't parameters
2023-09-14 17:52:24,680 [WARN] MainPanel:272 - <html><b><center>Warning: This peripheral has no parameters to be configured<br></b></html>
2023-09-14 17:52:24,690 [INFO] UtilMem:75 - Begin LoadConfig() Used Memory: 546053800 Bytes (972029952)
2023-09-14 17:52:24,691 [INFO] MicroXplorer:468 - Change Database Path : 
2023-09-14 17:52:24,691 [INFO] MicroXplorer:498 - Change Database Version : DB.6.0.91
2023-09-14 17:52:24,691 [INFO] OpenFileManager:308 - Change cursor
2023-09-14 17:52:24,705 [INFO] RulesReader:64 - Compatibility file has been processed (293 Rules)
2023-09-14 17:52:24,709 [INFO] Mcu:1946 - Initializing MCU STM32F746ZGTx STM32F746ZGTx STM32F746ZGT6
2023-09-14 17:52:27,424 [INFO] Context:659 - Trying to add GPIOservice into a context  which must be forbidden
2023-09-14 17:52:28,078 [INFO] RtosManager:555 - Registered RTOS mode: class=CMSIS, group=RTOS, mode=CMSIS_V1, owner=FREERTOS
2023-09-14 17:52:28,078 [INFO] RtosManager:555 - Registered RTOS mode: class=CMSIS, group=RTOS2, mode=CMSIS_V2, owner=FREERTOS
2023-09-14 17:52:28,078 [INFO] RtosManager:555 - Registered RTOS mode: class=RTOS, group=Core, mode=CMSIS_V1, owner=FREERTOS
2023-09-14 17:52:28,078 [INFO] RtosManager:555 - Registered RTOS mode: class=RTOS, group=Core, mode=CMSIS_V2, owner=FREERTOS
2023-09-14 17:52:28,079 [WARN] ModelIntegratedComponent:184 - Missing modes for component STMicroelectronics:FreeRTOS:0.0.1:STMicroelectronics:RTOS:FreeRTOS:Core:::10.2.0:
2023-09-14 17:52:28,094 [WARN] ModelIntegratedComponent:63 - No mode defined for component null
2023-09-14 17:52:28,095 [WARN] ModelIntegratedComponent:63 - No mode defined for component null
2023-09-14 17:52:28,095 [WARN] ModelIntegratedComponent:63 - No mode defined for component null
2023-09-14 17:52:28,095 [WARN] ModelIntegratedComponent:63 - No mode defined for component null
2023-09-14 17:52:28,095 [WARN] ModelIntegratedComponent:63 - No mode defined for component null
2023-09-14 17:52:28,095 [WARN] ModelIntegratedComponent:63 - No mode defined for component null
2023-09-14 17:52:28,095 [WARN] ModelIntegratedComponent:63 - No mode defined for component null
2023-09-14 17:52:28,095 [WARN] ModelIntegratedComponent:63 - No mode defined for component null
2023-09-14 17:52:28,095 [WARN] ModelIntegratedComponent:63 - No mode defined for component null
2023-09-14 17:52:28,095 [WARN] ModelIntegratedComponent:63 - No mode defined for component null
2023-09-14 17:52:28,095 [WARN] ModelIntegratedComponent:63 - No mode defined for component null
2023-09-14 17:52:28,095 [WARN] ModelIntegratedComponent:63 - No mode defined for component null
2023-09-14 17:52:28,095 [WARN] ModelIntegratedComponent:63 - No mode defined for component null
2023-09-14 17:52:28,095 [WARN] ModelIntegratedComponent:63 - No mode defined for component null
2023-09-14 17:52:28,096 [WARN] ModelIntegratedComponent:63 - No mode defined for component null
2023-09-14 17:52:28,096 [WARN] ModelIntegratedComponent:63 - No mode defined for component null
2023-09-14 17:52:28,096 [WARN] ModelIntegratedComponent:63 - No mode defined for component null
2023-09-14 17:52:28,096 [WARN] ModelIntegratedComponent:63 - No mode defined for component null
2023-09-14 17:52:28,096 [WARN] ModelIntegratedComponent:63 - No mode defined for component null
2023-09-14 17:52:28,096 [WARN] ModelIntegratedComponent:63 - No mode defined for component null
2023-09-14 17:52:28,096 [WARN] ModelIntegratedComponent:63 - No mode defined for component null
2023-09-14 17:52:28,096 [WARN] ModelIntegratedComponent:63 - No mode defined for component null
2023-09-14 17:52:28,096 [WARN] ModelIntegratedComponent:63 - No mode defined for component null
2023-09-14 17:52:28,096 [WARN] ModelIntegratedComponent:63 - No mode defined for component null
2023-09-14 17:52:28,096 [WARN] ModelIntegratedComponent:63 - No mode defined for component null
2023-09-14 17:52:28,096 [WARN] ModelIntegratedComponent:63 - No mode defined for component null
2023-09-14 17:52:28,096 [WARN] ModelIntegratedComponent:63 - No mode defined for component null
2023-09-14 17:52:28,096 [WARN] ModelIntegratedComponent:63 - No mode defined for component null
2023-09-14 17:52:28,097 [WARN] ModelIntegratedComponent:63 - No mode defined for component null
2023-09-14 17:52:28,097 [WARN] ModelIntegratedComponent:63 - No mode defined for component null
2023-09-14 17:52:28,097 [WARN] ModelIntegratedComponent:63 - No mode defined for component null
2023-09-14 17:52:28,097 [WARN] ModelIntegratedComponent:63 - No mode defined for component null
2023-09-14 17:52:28,097 [WARN] ModelIntegratedComponent:63 - No mode defined for component null
2023-09-14 17:52:28,115 [INFO] ThirdPartyModel:298 - Start build external matchings
2023-09-14 17:52:28,451 [INFO] ThirdPartyModel:316 - End build external matchings
2023-09-14 17:52:28,463 [INFO] ImportTextPane:194 - (OptionalMessage_ERROR) IP (RCC) : Invalid parameter (48MHZClocksFreq_Value)
2023-09-14 17:52:28,464 [INFO] ImportTextPane:194 - (OptionalMessage_ERROR) IP (RCC) : Invalid parameter (ADC12outputFreq_Value)
2023-09-14 17:52:28,464 [INFO] ImportTextPane:194 - (OptionalMessage_ERROR) IP (RCC) : Invalid parameter (ADC34outputFreq_Value)
2023-09-14 17:52:28,464 [INFO] ImportTextPane:194 - (OptionalMessage_ERROR) IP (RCC) : Invalid parameter (FamilyName)
2023-09-14 17:52:28,465 [INFO] ImportTextPane:194 - (OptionalMessage_ERROR) IP (RCC) : Invalid parameter (I2SClocksFreq_Value)
2023-09-14 17:52:28,465 [INFO] ImportTextPane:194 - (OptionalMessage_ERROR) IP (RCC) : Parameter (LCDTFToutputFreq_Value) has invalid value (96000000)
2023-09-14 17:52:28,465 [INFO] ImportTextPane:194 - (OptionalMessage_ERROR) IP (RCC) : Invalid parameter (MCOFreq_Value)
2023-09-14 17:52:28,465 [INFO] ImportTextPane:194 - (OptionalMessage_ERROR) IP (RCC) : Invalid parameter (PLLMCOFreq_Value)
2023-09-14 17:52:28,465 [INFO] ImportTextPane:194 - (OptionalMessage_ERROR) IP (RCC) : Invalid parameter (PLLMUL)
2023-09-14 17:52:28,465 [INFO] ImportTextPane:194 - (OptionalMessage_ERROR) IP (RCC) : Invalid parameter (PRESCALERUSB)
2023-09-14 17:52:28,465 [INFO] ImportTextPane:194 - (OptionalMessage_ERROR) IP (RCC) : Invalid parameter (RTCHSEDivFreq_Value)
2023-09-14 17:52:28,465 [INFO] ImportTextPane:194 - (OptionalMessage_ERROR) IP (RCC) : Parameter (SDMMCFreq_Value) has invalid value (72000000)
2023-09-14 17:52:28,465 [INFO] ImportTextPane:194 - (OptionalMessage_ERROR) IP (RCC) : Invalid parameter (SYSCLKSourceVirtual)
2023-09-14 17:52:28,465 [INFO] ImportTextPane:194 - (OptionalMessage_ERROR) IP (RCC) : Invalid parameter (TIM15Freq_Value)
2023-09-14 17:52:28,465 [INFO] ImportTextPane:194 - (OptionalMessage_ERROR) IP (RCC) : Invalid parameter (TIM16Freq_Value)
2023-09-14 17:52:28,465 [INFO] ImportTextPane:194 - (OptionalMessage_ERROR) IP (RCC) : Invalid parameter (TIM17Freq_Value)
2023-09-14 17:52:28,466 [INFO] ImportTextPane:194 - (OptionalMessage_ERROR) IP (RCC) : Invalid parameter (TIM1Freq_Value)
2023-09-14 17:52:28,466 [INFO] ImportTextPane:194 - (OptionalMessage_ERROR) IP (RCC) : Invalid parameter (TIM20Freq_Value)
2023-09-14 17:52:28,466 [INFO] ImportTextPane:194 - (OptionalMessage_ERROR) IP (RCC) : Invalid parameter (TIM2Freq_Value)
2023-09-14 17:52:28,466 [INFO] ImportTextPane:194 - (OptionalMessage_ERROR) IP (RCC) : Invalid parameter (TIM3Freq_Value)
2023-09-14 17:52:28,466 [INFO] ImportTextPane:194 - (OptionalMessage_ERROR) IP (RCC) : Invalid parameter (TIM8Freq_Value)
2023-09-14 17:52:28,466 [INFO] ImportTextPane:194 - (OptionalMessage_ERROR) IP (RCC) : Invalid parameter (VCOOutput2Freq_Value)
2023-09-14 17:52:28,466 [INFO] ImportTextPane:194 - (OptionalMessage_ERROR) IP (RCC) : Invalid parameter (VcooutputI2S)
2023-09-14 17:52:29,165 [INFO] UtilMem:75 - End LoadConfig() Used Memory: 386632360 Bytes (972029952)
2023-09-14 17:52:29,327 [WARN] ThirdParty:833 - waiting for thirdparty lock release [change project]
2023-09-14 17:52:29,327 [INFO] ThirdParty:835 - entering critical section [change project]
2023-09-14 17:52:29,327 [INFO] ThirdParty:1030 - CMSIS Pack Vendor :STMicroelectronics X-CUBE-ISPU 1.1.0
2023-09-14 17:52:29,327 [INFO] ThirdParty:1030 - CMSIS Pack Vendor :STMicroelectronics USBPD 4.1
2023-09-14 17:52:29,327 [INFO] ThirdParty:1030 - CMSIS Pack Vendor :STMicroelectronics X-CUBE-GNSS1 6.0.0
2023-09-14 17:52:29,327 [INFO] ThirdParty:1030 - CMSIS Pack Vendor :STMicroelectronics USB_HOST 2.0.0
2023-09-14 17:52:29,327 [INFO] ThirdParty:1030 - CMSIS Pack Vendor :STMicroelectronics X-CUBE-AZRTOS-F4 1.1.0
2023-09-14 17:52:29,327 [INFO] ThirdParty:1030 - CMSIS Pack Vendor :STMicroelectronics LIBJPEG 8.0.0
2023-09-14 17:52:29,327 [INFO] ThirdParty:1030 - CMSIS Pack Vendor :wolfSSL I-CUBE-wolfSSL 5.6.3
2023-09-14 17:52:29,327 [INFO] ThirdParty:1030 - CMSIS Pack Vendor :STMicroelectronics X-CUBE-SMBUS 2.1.0
2023-09-14 17:52:29,327 [INFO] ThirdParty:1030 - CMSIS Pack Vendor :STMicroelectronics USB_DEVICE 3.0.0
2023-09-14 17:52:29,327 [INFO] ThirdParty:1030 - CMSIS Pack Vendor :STMicroelectronics X-CUBE-AZRTOS-WB 2.0.0
2023-09-14 17:52:29,327 [INFO] ThirdParty:1030 - CMSIS Pack Vendor :STMicroelectronics X-CUBE-AZRTOS-F7 1.1.0
2023-09-14 17:52:29,327 [INFO] ThirdParty:1030 - CMSIS Pack Vendor :STMicroelectronics X-CUBE-AZRTOS-L5 2.0.0
2023-09-14 17:52:29,327 [INFO] ThirdParty:1030 - CMSIS Pack Vendor :STMicroelectronics USB_DEVICE 2.0.0
2023-09-14 17:52:29,327 [INFO] ThirdParty:1030 - CMSIS Pack Vendor :STMicroelectronics X-CUBE-MEMS1 9.6.0
2023-09-14 17:52:29,327 [INFO] ThirdParty:1030 - CMSIS Pack Vendor :STMicroelectronics FP-SNS-MOTENV1 4.3.2
2023-09-14 17:52:29,327 [INFO] ThirdParty:1030 - CMSIS Pack Vendor :STMicroelectronics X-CUBE-ALGOBUILD 1.3.0
2023-09-14 17:52:29,327 [INFO] ThirdParty:1030 - CMSIS Pack Vendor :STMicroelectronics FreeRTOS 0.0.1
2023-09-14 17:52:29,327 [INFO] ThirdParty:1030 - CMSIS Pack Vendor :STMicroelectronics X-CUBE-AZRTOS-G0 1.1.0
2023-09-14 17:52:29,327 [INFO] ThirdParty:1030 - CMSIS Pack Vendor :STMicroelectronics X-CUBE-BLEMGR 2.0.0
2023-09-14 17:52:29,327 [INFO] ThirdParty:1030 - CMSIS Pack Vendor :STMicroelectronics X-CUBE-NFC4 3.0.0
2023-09-14 17:52:29,328 [INFO] ThirdParty:1030 - CMSIS Pack Vendor :STMicroelectronics X-CUBE-SUBG2 5.0.0
2023-09-14 17:52:29,328 [INFO] ThirdParty:1030 - CMSIS Pack Vendor :STMicroelectronics STM32_WPAN 1.0.0
2023-09-14 17:52:29,328 [INFO] ThirdParty:1030 - CMSIS Pack Vendor :STMicroelectronics lwIP 2.0.3
2023-09-14 17:52:29,328 [INFO] ThirdParty:1030 - CMSIS Pack Vendor :STMicroelectronics FP-SNS-FLIGHT1 5.0.2
2023-09-14 17:52:29,328 [INFO] ThirdParty:1030 - CMSIS Pack Vendor :STMicroelectronics USB_HOST 1.0.0
2023-09-14 17:52:29,328 [INFO] ThirdParty:1030 - CMSIS Pack Vendor :STMicroelectronics X-CUBE-TOF1 3.3.1
2023-09-14 17:52:29,328 [INFO] ThirdParty:1030 - CMSIS Pack Vendor :STMicroelectronics X-CUBE-AZRTOS-G4 2.0.0
2023-09-14 17:52:29,328 [INFO] ThirdParty:1030 - CMSIS Pack Vendor :STMicroelectronics PDM2PCM 3.1.0
2023-09-14 17:52:29,328 [INFO] ThirdParty:1030 - CMSIS Pack Vendor :STMicroelectronics X-CUBE-AZRTOS-H7 3.1.0
2023-09-14 17:52:29,328 [INFO] ThirdParty:1030 - CMSIS Pack Vendor :STMicroelectronics PDM2PCM 3.3.0
2023-09-14 17:52:29,328 [INFO] ThirdParty:1030 - CMSIS Pack Vendor :STMicroelectronics X-CUBE-DISPLAY 3.0.0
2023-09-14 17:52:29,328 [INFO] ThirdParty:1030 - CMSIS Pack Vendor :STMicroelectronics X-CUBE-BLE1 7.0.0
2023-09-14 17:52:29,328 [INFO] ThirdParty:1030 - CMSIS Pack Vendor :STMicroelectronics FP-ATR-SIGFOX1 3.2.0
2023-09-14 17:52:29,328 [INFO] ThirdParty:1030 - CMSIS Pack Vendor :STMicroelectronics HAL Drivers 0.0.0
2023-09-14 17:52:29,329 [INFO] ThirdParty:1030 - CMSIS Pack Vendor :STMicroelectronics MBEDTLS 2.16.2
2023-09-14 17:52:29,329 [INFO] ThirdParty:1030 - CMSIS Pack Vendor :emotas I-CUBE-CANOPEN 1.3.0
2023-09-14 17:52:29,329 [INFO] ThirdParty:1030 - CMSIS Pack Vendor :STMicroelectronics X-CUBE-FREERTOS 1.1.0
2023-09-14 17:52:29,329 [INFO] ThirdParty:1030 - CMSIS Pack Vendor :STMicroelectronics X-CUBE-TOUCHGFX 4.22.0
2023-09-14 17:52:29,329 [INFO] ThirdParty:1030 - CMSIS Pack Vendor :STMicroelectronics X-CUBE-NFC7 1.0.1
2023-09-14 17:52:29,329 [INFO] ThirdParty:1030 - CMSIS Pack Vendor :STMicroelectronics MBEDTLS 2.14.1
2023-09-14 17:52:29,329 [INFO] ThirdParty:1030 - CMSIS Pack Vendor :STMicroelectronics X-CUBE-NFC6 3.0.0
2023-09-14 17:52:29,329 [INFO] ThirdParty:1030 - CMSIS Pack Vendor :STMicroelectronics X-CUBE-EEPRMA1 4.1.0
2023-09-14 17:52:29,329 [INFO] ThirdParty:1030 - CMSIS Pack Vendor :portGmbH I-Cube-SoM-uGOAL 1.1.0
2023-09-14 17:52:29,329 [INFO] ThirdParty:1030 - CMSIS Pack Vendor :STMicroelectronics X-CUBE-ALS 1.0.1
2023-09-14 17:52:29,329 [INFO] ThirdParty:1030 - CMSIS Pack Vendor :STMicroelectronics ThreadX 1.0.0
2023-09-14 17:52:29,329 [INFO] ThirdParty:1030 - CMSIS Pack Vendor :STMicroelectronics FP-SNS-SMARTAG2 1.2.0
2023-09-14 17:52:29,329 [INFO] ThirdParty:1030 - CMSIS Pack Vendor :STMicroelectronics X-CUBE-AZRTOS-WL 2.0.0
2023-09-14 17:52:29,329 [INFO] ThirdParty:1030 - CMSIS Pack Vendor :SEGGER I-CUBE-embOS 1.3.1
2023-09-14 17:52:29,329 [INFO] ThirdParty:1030 - CMSIS Pack Vendor :STMicroelectronics USB_DEVICE 1.0.0
2023-09-14 17:52:29,329 [INFO] ThirdParty:1030 - CMSIS Pack Vendor :STMicroelectronics X-CUBE-AI 8.1.0
2023-09-14 17:52:29,329 [INFO] ThirdParty:1030 - CMSIS Pack Vendor :STMicroelectronics X-CUBE-AZRTOS-L4 2.0.0
2023-09-14 17:52:29,329 [INFO] ThirdParty:1030 - CMSIS Pack Vendor :STMicroelectronics ThreadX 0.0.2
2023-09-14 17:52:29,329 [INFO] ThirdParty:1030 - CMSIS Pack Vendor :WES I-CUBE-Cesium 1.3.0
2023-09-14 17:52:29,329 [INFO] ThirdParty:1030 - CMSIS Pack Vendor :STMicroelectronics FP-ATR-ASTRA1 2.0.0
2023-09-14 17:52:29,329 [INFO] ThirdParty:1030 - CMSIS Pack Vendor :STMicroelectronics lwIP 2.1.2
2023-09-14 17:52:29,329 [INFO] ThirdParty:1030 - CMSIS Pack Vendor :STMicroelectronics X-CUBE-SFXS2LP1 4.0.0
2023-09-14 17:52:29,329 [INFO] ThirdParty:1030 - CMSIS Pack Vendor :STMicroelectronics X-CUBE-BLE2 3.3.0
2023-09-14 17:52:29,329 [INFO] ThirdParty:1030 - CMSIS Pack Vendor :STMicroelectronics PDM2PCM 3.2.0
2023-09-14 17:52:29,330 [INFO] ThirdParty:841 - exiting critical section [change project]
2023-09-14 17:52:29,586 [INFO] PinOutPanel:1499 - setPackage(No Configuration,No Configuration)
2023-09-14 17:52:29,587 [INFO] PinOutPanel:1499 - setPackage(STM32F746ZGTx,LQFP144)
2023-09-14 17:52:30,016 [INFO] UtilMem:75 - Before build in PCC Used Memory: 404919256 Bytes (972029952)
2023-09-14 17:52:30,261 [INFO] UtilMem:75 - After build in PCC Used Memory: 453680088 Bytes (972029952)
2023-09-14 17:52:30,282 [INFO] IPUIPlugin:80 - create IPUIPlugin
2023-09-14 17:52:30,282 [INFO] IPUIPlugin:80 - create IPUIPlugin
2023-09-14 17:52:30,282 [INFO] IPUIPlugin:80 - create IPUIPlugin
2023-09-14 17:52:30,282 [INFO] IPUIPlugin:80 - create IPUIPlugin
2023-09-14 17:52:30,282 [INFO] IPUIPlugin:80 - create IPUIPlugin
2023-09-14 17:52:30,282 [INFO] IPUIPlugin:80 - create IPUIPlugin
2023-09-14 17:52:30,282 [INFO] IPUIPlugin:80 - create IPUIPlugin
2023-09-14 17:52:30,282 [INFO] IPUIPlugin:80 - create IPUIPlugin
2023-09-14 17:52:30,282 [INFO] IPUIPlugin:80 - create IPUIPlugin
2023-09-14 17:52:30,282 [INFO] IPUIPlugin:80 - create IPUIPlugin
2023-09-14 17:52:30,283 [INFO] IPUIPlugin:80 - create IPUIPlugin
2023-09-14 17:52:30,283 [INFO] IPUIPlugin:80 - create IPUIPlugin
2023-09-14 17:52:30,283 [INFO] IPUIPlugin:80 - create IPUIPlugin
2023-09-14 17:52:30,283 [INFO] IPUIPlugin:80 - create IPUIPlugin
2023-09-14 17:52:30,283 [INFO] IPUIPlugin:80 - create IPUIPlugin
2023-09-14 17:52:30,283 [INFO] IPUIPlugin:80 - create IPUIPlugin
2023-09-14 17:52:30,283 [INFO] IPUIPlugin:80 - create IPUIPlugin
2023-09-14 17:52:30,283 [INFO] IPUIPlugin:80 - create IPUIPlugin
2023-09-14 17:52:30,283 [INFO] IPUIPlugin:80 - create IPUIPlugin
2023-09-14 17:52:30,283 [INFO] IPUIPlugin:80 - create IPUIPlugin
2023-09-14 17:52:30,283 [INFO] IPUIPlugin:80 - create IPUIPlugin
2023-09-14 17:52:30,283 [INFO] IPUIPlugin:80 - create IPUIPlugin
2023-09-14 17:52:30,283 [INFO] IPUIPlugin:80 - create IPUIPlugin
2023-09-14 17:52:30,283 [INFO] IPUIPlugin:80 - create IPUIPlugin
2023-09-14 17:52:30,284 [INFO] IPUIPlugin:80 - create IPUIPlugin
2023-09-14 17:52:30,284 [INFO] IPUIPlugin:80 - create IPUIPlugin
2023-09-14 17:52:30,284 [INFO] IPUIPlugin:80 - create IPUIPlugin
2023-09-14 17:52:30,284 [INFO] IPUIPlugin:80 - create IPUIPlugin
2023-09-14 17:52:30,284 [INFO] IPUIPlugin:80 - create IPUIPlugin
2023-09-14 17:52:30,284 [INFO] IPUIPlugin:80 - create IPUIPlugin
2023-09-14 17:52:30,284 [INFO] IPUIPlugin:80 - create IPUIPlugin
2023-09-14 17:52:30,285 [INFO] IPUIPlugin:80 - create IPUIPlugin
2023-09-14 17:52:30,285 [INFO] IPUIPlugin:80 - create IPUIPlugin
2023-09-14 17:52:30,285 [INFO] IPUIPlugin:80 - create IPUIPlugin
2023-09-14 17:52:30,285 [INFO] IPUIPlugin:80 - create IPUIPlugin
2023-09-14 17:52:30,285 [INFO] IPUIPlugin:80 - create IPUIPlugin
2023-09-14 17:52:30,285 [INFO] IPUIPlugin:80 - create IPUIPlugin
2023-09-14 17:52:30,285 [INFO] IPUIPlugin:80 - create IPUIPlugin
2023-09-14 17:52:30,287 [INFO] IPUIPlugin:80 - create IPUIPlugin
2023-09-14 17:52:30,287 [INFO] IPUIPlugin:80 - create IPUIPlugin
2023-09-14 17:52:30,287 [INFO] IPUIPlugin:80 - create IPUIPlugin
2023-09-14 17:52:30,287 [INFO] IPUIPlugin:80 - create IPUIPlugin
2023-09-14 17:52:30,288 [INFO] IPUIPlugin:80 - create IPUIPlugin
2023-09-14 17:52:30,288 [INFO] IPUIPlugin:80 - create IPUIPlugin
2023-09-14 17:52:30,288 [INFO] IPUIPlugin:80 - create IPUIPlugin
2023-09-14 17:52:30,288 [INFO] IPUIPlugin:80 - create IPUIPlugin
2023-09-14 17:52:30,288 [INFO] IPUIPlugin:80 - create IPUIPlugin
2023-09-14 17:52:30,288 [INFO] IPUIPlugin:80 - create IPUIPlugin
2023-09-14 17:52:30,289 [INFO] IPUIPlugin:80 - create IPUIPlugin
2023-09-14 17:52:30,289 [INFO] IPUIPlugin:80 - create IPUIPlugin
2023-09-14 17:52:30,289 [INFO] IPUIPlugin:80 - create IPUIPlugin
2023-09-14 17:52:30,289 [INFO] IPUIPlugin:80 - create IPUIPlugin
2023-09-14 17:52:30,289 [INFO] IPUIPlugin:80 - create IPUIPlugin
2023-09-14 17:52:30,290 [INFO] IPUIPlugin:80 - create IPUIPlugin
2023-09-14 17:52:30,290 [INFO] IPUIPlugin:80 - create IPUIPlugin
2023-09-14 17:52:30,290 [INFO] IPUIPlugin:80 - create IPUIPlugin
2023-09-14 17:52:30,290 [INFO] IPUIPlugin:80 - create IPUIPlugin
2023-09-14 17:52:30,290 [INFO] IPUIPlugin:80 - create IPUIPlugin
2023-09-14 17:52:30,291 [INFO] IPUIPlugin:80 - create IPUIPlugin
2023-09-14 17:52:30,291 [INFO] IPUIPlugin:80 - create IPUIPlugin
2023-09-14 17:52:30,291 [INFO] IPUIPlugin:80 - create IPUIPlugin
2023-09-14 17:52:30,291 [INFO] IPUIPlugin:80 - create IPUIPlugin
2023-09-14 17:52:30,291 [INFO] IPUIPlugin:80 - create IPUIPlugin
2023-09-14 17:52:30,292 [INFO] IPUIPlugin:80 - create IPUIPlugin
2023-09-14 17:52:30,292 [INFO] IPUIPlugin:80 - create IPUIPlugin
2023-09-14 17:52:30,292 [INFO] IPUIPlugin:80 - create IPUIPlugin
2023-09-14 17:52:30,292 [INFO] IPUIPlugin:80 - create IPUIPlugin
2023-09-14 17:52:30,293 [INFO] IPUIPlugin:80 - create IPUIPlugin
2023-09-14 17:52:30,293 [INFO] IPUIPlugin:80 - create IPUIPlugin
2023-09-14 17:52:30,293 [INFO] IPUIPlugin:80 - create IPUIPlugin
2023-09-14 17:52:30,294 [INFO] IPUIPlugin:80 - create IPUIPlugin
2023-09-14 17:52:30,294 [INFO] IPUIPlugin:80 - create IPUIPlugin
2023-09-14 17:52:30,294 [INFO] IPUIPlugin:80 - create IPUIPlugin
2023-09-14 17:52:30,295 [INFO] IPUIPlugin:80 - create IPUIPlugin
2023-09-14 17:52:30,307 [INFO] ApiDbMcu:507 - Load IP Config File for PDM2PCM
2023-09-14 17:52:30,356 [INFO] CADModel:165 - CPN selected for project levelSTM32F746ZGT6
2023-09-14 17:52:30,356 [INFO] CADModel:114 - Register for checkConnection events
2023-09-14 17:52:30,530 [INFO] OpenFileManager:328 - Restore cursor
